#
# There is insufficient memory for the Java Runtime Environment to continue.
# Native memory allocation (mmap) failed to map 65536 bytes for Failed to commit metaspace.
# Possible reasons:
#   The system is out of physical RAM or swap space
#   The process is running with CompressedOops enabled, and the Java Heap may be blocking the growth of the native heap
# Possible solutions:
#   Reduce memory load on the system
#   Increase physical memory or swap space
#   Check if swap backing store is full
#   Decrease Java heap size (-Xmx/-Xms)
#   Decrease number of Java threads
#   Decrease Java thread stack sizes (-Xss)
#   Set larger code cache with -XX:ReservedCodeCacheSize=
#   JVM is running with Unscaled Compressed Oops mode in which the Java heap is
#     placed in the first 4GB address space. The Java Heap base address is the
#     maximum limit for the native heap growth. Please use -XX:HeapBaseMinAddress
#     to set the Java Heap base and to place the Java Heap above 4GB virtual address.
# This output file may be truncated or incomplete.
#
#  Out of Memory Error (virtualSpaceNode.cpp:110), pid=7240, tid=7384
#
# JRE version: OpenJDK Runtime Environment Corretto-18.0.2.9.1 (18.0.2+9) (build 18.0.2+9-FR)
# Java VM: OpenJDK 64-Bit Server VM Corretto-18.0.2.9.1 (18.0.2+9-FR, mixed mode, sharing, tiered, compressed oops, compressed class ptrs, g1 gc, windows-amd64)
# No core dump will be written. Minidumps are not enabled by default on client versions of Windows
#

---------------  S U M M A R Y ------------

Command Line: -javaagent:C:\Program Files\JetBrains\IntelliJ IDEA Community Edition 2021.3.3\lib\idea_rt.jar=57330:C:\Program Files\JetBrains\IntelliJ IDEA Community Edition 2021.3.3\bin -Dfile.encoding=UTF-8 com.stc.calendarconflictoptimizer.CalendarConflictApplication

Host: Intel(R) Core(TM) i3-6006U CPU @ 2.00GHz, 4 cores, 3G,  Windows 10 , 64 bit Build 19041 (10.0.19041.5794)
Time: Thu May 29 23:49:31 2025 Egypt Daylight Time elapsed time: 0.869721 seconds (0d 0h 0m 0s)

---------------  T H R E A D  ---------------

Current thread (0x00000114cf617860):  JavaThread "main" [_thread_in_vm, id=7384, stack(0x0000000320800000,0x0000000320900000)]

Stack: [0x0000000320800000,0x0000000320900000]
Native frames: (J=compiled Java code, j=interpreted, Vv=VM code, C=native code)
V  [jvm.dll+0x685a2a]
V  [jvm.dll+0x82ae8d]
V  [jvm.dll+0x82c75e]
V  [jvm.dll+0x82ce03]
V  [jvm.dll+0x25ef4b]
V  [jvm.dll+0x826bdb]
V  [jvm.dll+0x62d206]
V  [jvm.dll+0x1dd6de]
V  [jvm.dll+0x62fa7e]
V  [jvm.dll+0x62f88e]
V  [jvm.dll+0x62dbc5]
V  [jvm.dll+0x25c98c]
V  [jvm.dll+0x6da418]
V  [jvm.dll+0x6dae3f]
V  [jvm.dll+0x391989]
V  [jvm.dll+0x390b35]
V  [jvm.dll+0x390ad8]
V  [jvm.dll+0x56fc64]
V  [jvm.dll+0x56ec5c]
V  [jvm.dll+0x3a3b98]
V  [jvm.dll+0x3a31cf]
C  0x00000114d71fa602

Java frames: (J=compiled Java code, j=interpreted, Vv=VM code)
j  org.springframework.boot.WebApplicationType.deduceFromClasspath()Lorg/springframework/boot/WebApplicationType;+3
j  org.springframework.boot.SpringApplication.<init>(Lorg/springframework/core/io/ResourceLoader;[Ljava/lang/Class;)V+81
j  org.springframework.boot.SpringApplication.<init>([Ljava/lang/Class;)V+3
j  org.springframework.boot.SpringApplication.run([Ljava/lang/Class;[Ljava/lang/String;)Lorg/springframework/context/ConfigurableApplicationContext;+5
j  org.springframework.boot.SpringApplication.run(Ljava/lang/Class;[Ljava/lang/String;)Lorg/springframework/context/ConfigurableApplicationContext;+9
j  com.stc.calendarconflictoptimizer.CalendarConflictApplication.main([Ljava/lang/String;)V+3
v  ~StubRoutines::call_stub

---------------  P R O C E S S  ---------------

Threads class SMR info:
_java_thread_list=0x00000114ef0a0360, length=13, elements={
0x00000114cf617860, 0x00000114cf6bf920, 0x00000114cf6c0580, 0x00000114cf6d59c0,
0x00000114cf6d6360, 0x00000114cf6d6d00, 0x00000114cf6d76a0, 0x00000114cf6d84b0,
0x00000114cf6dca60, 0x00000114cf6de450, 0x00000114ef028070, 0x00000114ef36aa60,
0x00000114ef36af20
}

Java Threads: ( => current thread )
=>0x00000114cf617860 JavaThread "main" [_thread_in_vm, id=7384, stack(0x0000000320800000,0x0000000320900000)]
  0x00000114cf6bf920 JavaThread "Reference Handler" daemon [_thread_blocked, id=12188, stack(0x0000000320f00000,0x0000000321000000)]
  0x00000114cf6c0580 JavaThread "Finalizer" daemon [_thread_blocked, id=7412, stack(0x0000000321000000,0x0000000321100000)]
  0x00000114cf6d59c0 JavaThread "Signal Dispatcher" daemon [_thread_blocked, id=10728, stack(0x0000000321100000,0x0000000321200000)]
  0x00000114cf6d6360 JavaThread "Attach Listener" daemon [_thread_blocked, id=9940, stack(0x0000000321200000,0x0000000321300000)]
  0x00000114cf6d6d00 JavaThread "Service Thread" daemon [_thread_blocked, id=10076, stack(0x0000000321300000,0x0000000321400000)]
  0x00000114cf6d76a0 JavaThread "Monitor Deflation Thread" daemon [_thread_blocked, id=7860, stack(0x0000000321400000,0x0000000321500000)]
  0x00000114cf6d84b0 JavaThread "C2 CompilerThread0" daemon [_thread_blocked, id=9268, stack(0x0000000321500000,0x0000000321600000)]
  0x00000114cf6dca60 JavaThread "C1 CompilerThread0" daemon [_thread_blocked, id=11404, stack(0x0000000321600000,0x0000000321700000)]
  0x00000114cf6de450 JavaThread "Sweeper thread" daemon [_thread_blocked, id=3632, stack(0x0000000321700000,0x0000000321800000)]
  0x00000114ef028070 JavaThread "Common-Cleaner" daemon [_thread_blocked, id=4856, stack(0x0000000321800000,0x0000000321900000)]
  0x00000114ef36aa60 JavaThread "Monitor Ctrl-Break" daemon [_thread_in_native, id=6760, stack(0x0000000321900000,0x0000000321a00000)]
  0x00000114ef36af20 JavaThread "Notification Thread" daemon [_thread_blocked, id=10708, stack(0x0000000321a00000,0x0000000321b00000)]

Other Threads:
  0x00000114cf6bc920 VMThread "VM Thread" [stack: 0x0000000320e00000,0x0000000320f00000] [id=1456]
  0x00000114ef214020 WatcherThread "VM Periodic Task Thread" [stack: 0x0000000321b00000,0x0000000321c00000] [id=3424]
  0x00000114cf660550 WorkerThread "GC Thread#0" [stack: 0x0000000320900000,0x0000000320a00000] [id=11268]
  0x00000114cf66a210 ConcurrentGCThread "G1 Main Marker" [stack: 0x0000000320a00000,0x0000000320b00000] [id=12036]
  0x00000114cf66ac00 WorkerThread "G1 Conc#0" [stack: 0x0000000320b00000,0x0000000320c00000] [id=9024]
  0x00000114cf691c90 ConcurrentGCThread "G1 Refine#0" [stack: 0x0000000320c00000,0x0000000320d00000] [id=11548]
  0x00000114cf6925a0 ConcurrentGCThread "G1 Service" [stack: 0x0000000320d00000,0x0000000320e00000] [id=468]

Threads with active compile tasks:

VM state: not at safepoint (normal execution)

VM Mutex/Monitor currently owned by a thread:  ([mutex/lock_event])
[0x00000114cf5fed90] Metaspace_lock - owner thread: 0x00000114cf617860

Heap address: 0x00000000c1400000, size: 1004 MB, Compressed Oops mode: 32-bit

CDS archive(s) mapped at: [0x0000000800000000-0x0000000800ba0000-0x0000000800ba0000), size 12189696, SharedBaseAddress: 0x0000000800000000, ArchiveRelocationMode: 0.
Compressed class space mapped at: 0x0000000800c00000-0x0000000840c00000, reserved size: 1073741824
Narrow klass base: 0x0000000800000000, Narrow klass shift: 0, Narrow klass range: 0x100000000

GC Precious Log:
 CardTable entry size: 512
 Card Set container configuration: InlinePtr #cards 5 size 8 Array Of Cards #cards 12 size 40 Howl #buckets 4 coarsen threshold 1843 Howl Bitmap #cards 512 size 80 coarsen threshold 460 Card regions per heap region 1 cards per card region 2048
 CPUs: 4 total, 4 available
 Memory: 4012M
 Large Page Support: Disabled
 NUMA Support: Disabled
 Compressed Oops: Enabled (32-bit)
 Heap Region Size: 1M
 Heap Min Capacity: 8M
 Heap Initial Capacity: 64M
 Heap Max Capacity: 1004M
 Pre-touch: Disabled
 Parallel Workers: 4
 Concurrent Workers: 1
 Concurrent Refinement Workers: 4
 Periodic GC: Disabled

Heap:
 garbage-first heap   total 65536K, used 8192K [0x00000000c1400000, 0x0000000100000000)
  region size 1024K, 9 young (9216K), 0 survivors (0K)
 Metaspace       used 2241K, committed 2432K, reserved 1114112K
  class space    used 209K, committed 320K, reserved 1048576K

Heap Regions: E=young(eden), S=young(survivor), O=old, HS=humongous(starts), HC=humongous(continues), CS=collection set, F=free, OA=open archive, CA=closed archive, TAMS=top-at-mark-start (previous, next)
|   0|0x00000000c1400000, 0x00000000c1400000, 0x00000000c1500000|  0%| F|  |TAMS 0x00000000c1400000, 0x00000000c1400000| Untracked 
|   1|0x00000000c1500000, 0x00000000c1500000, 0x00000000c1600000|  0%| F|  |TAMS 0x00000000c1500000, 0x00000000c1500000| Untracked 
|   2|0x00000000c1600000, 0x00000000c1600000, 0x00000000c1700000|  0%| F|  |TAMS 0x00000000c1600000, 0x00000000c1600000| Untracked 
|   3|0x00000000c1700000, 0x00000000c1700000, 0x00000000c1800000|  0%| F|  |TAMS 0x00000000c1700000, 0x00000000c1700000| Untracked 
|   4|0x00000000c1800000, 0x00000000c1800000, 0x00000000c1900000|  0%| F|  |TAMS 0x00000000c1800000, 0x00000000c1800000| Untracked 
|   5|0x00000000c1900000, 0x00000000c1900000, 0x00000000c1a00000|  0%| F|  |TAMS 0x00000000c1900000, 0x00000000c1900000| Untracked 
|   6|0x00000000c1a00000, 0x00000000c1a00000, 0x00000000c1b00000|  0%| F|  |TAMS 0x00000000c1a00000, 0x00000000c1a00000| Untracked 
|   7|0x00000000c1b00000, 0x00000000c1b00000, 0x00000000c1c00000|  0%| F|  |TAMS 0x00000000c1b00000, 0x00000000c1b00000| Untracked 
|   8|0x00000000c1c00000, 0x00000000c1c00000, 0x00000000c1d00000|  0%| F|  |TAMS 0x00000000c1c00000, 0x00000000c1c00000| Untracked 
|   9|0x00000000c1d00000, 0x00000000c1d00000, 0x00000000c1e00000|  0%| F|  |TAMS 0x00000000c1d00000, 0x00000000c1d00000| Untracked 
|  10|0x00000000c1e00000, 0x00000000c1e00000, 0x00000000c1f00000|  0%| F|  |TAMS 0x00000000c1e00000, 0x00000000c1e00000| Untracked 
|  11|0x00000000c1f00000, 0x00000000c1f00000, 0x00000000c2000000|  0%| F|  |TAMS 0x00000000c1f00000, 0x00000000c1f00000| Untracked 
|  12|0x00000000c2000000, 0x00000000c2000000, 0x00000000c2100000|  0%| F|  |TAMS 0x00000000c2000000, 0x00000000c2000000| Untracked 
|  13|0x00000000c2100000, 0x00000000c2100000, 0x00000000c2200000|  0%| F|  |TAMS 0x00000000c2100000, 0x00000000c2100000| Untracked 
|  14|0x00000000c2200000, 0x00000000c2200000, 0x00000000c2300000|  0%| F|  |TAMS 0x00000000c2200000, 0x00000000c2200000| Untracked 
|  15|0x00000000c2300000, 0x00000000c2300000, 0x00000000c2400000|  0%| F|  |TAMS 0x00000000c2300000, 0x00000000c2300000| Untracked 
|  16|0x00000000c2400000, 0x00000000c2400000, 0x00000000c2500000|  0%| F|  |TAMS 0x00000000c2400000, 0x00000000c2400000| Untracked 
|  17|0x00000000c2500000, 0x00000000c2500000, 0x00000000c2600000|  0%| F|  |TAMS 0x00000000c2500000, 0x00000000c2500000| Untracked 
|  18|0x00000000c2600000, 0x00000000c2600000, 0x00000000c2700000|  0%| F|  |TAMS 0x00000000c2600000, 0x00000000c2600000| Untracked 
|  19|0x00000000c2700000, 0x00000000c2700000, 0x00000000c2800000|  0%| F|  |TAMS 0x00000000c2700000, 0x00000000c2700000| Untracked 
|  20|0x00000000c2800000, 0x00000000c2800000, 0x00000000c2900000|  0%| F|  |TAMS 0x00000000c2800000, 0x00000000c2800000| Untracked 
|  21|0x00000000c2900000, 0x00000000c2900000, 0x00000000c2a00000|  0%| F|  |TAMS 0x00000000c2900000, 0x00000000c2900000| Untracked 
|  22|0x00000000c2a00000, 0x00000000c2a00000, 0x00000000c2b00000|  0%| F|  |TAMS 0x00000000c2a00000, 0x00000000c2a00000| Untracked 
|  23|0x00000000c2b00000, 0x00000000c2b00000, 0x00000000c2c00000|  0%| F|  |TAMS 0x00000000c2b00000, 0x00000000c2b00000| Untracked 
|  24|0x00000000c2c00000, 0x00000000c2c00000, 0x00000000c2d00000|  0%| F|  |TAMS 0x00000000c2c00000, 0x00000000c2c00000| Untracked 
|  25|0x00000000c2d00000, 0x00000000c2d00000, 0x00000000c2e00000|  0%| F|  |TAMS 0x00000000c2d00000, 0x00000000c2d00000| Untracked 
|  26|0x00000000c2e00000, 0x00000000c2e00000, 0x00000000c2f00000|  0%| F|  |TAMS 0x00000000c2e00000, 0x00000000c2e00000| Untracked 
|  27|0x00000000c2f00000, 0x00000000c2f00000, 0x00000000c3000000|  0%| F|  |TAMS 0x00000000c2f00000, 0x00000000c2f00000| Untracked 
|  28|0x00000000c3000000, 0x00000000c3000000, 0x00000000c3100000|  0%| F|  |TAMS 0x00000000c3000000, 0x00000000c3000000| Untracked 
|  29|0x00000000c3100000, 0x00000000c3100000, 0x00000000c3200000|  0%| F|  |TAMS 0x00000000c3100000, 0x00000000c3100000| Untracked 
|  30|0x00000000c3200000, 0x00000000c3200000, 0x00000000c3300000|  0%| F|  |TAMS 0x00000000c3200000, 0x00000000c3200000| Untracked 
|  31|0x00000000c3300000, 0x00000000c3300000, 0x00000000c3400000|  0%| F|  |TAMS 0x00000000c3300000, 0x00000000c3300000| Untracked 
|  32|0x00000000c3400000, 0x00000000c3400000, 0x00000000c3500000|  0%| F|  |TAMS 0x00000000c3400000, 0x00000000c3400000| Untracked 
|  33|0x00000000c3500000, 0x00000000c3500000, 0x00000000c3600000|  0%| F|  |TAMS 0x00000000c3500000, 0x00000000c3500000| Untracked 
|  34|0x00000000c3600000, 0x00000000c3600000, 0x00000000c3700000|  0%| F|  |TAMS 0x00000000c3600000, 0x00000000c3600000| Untracked 
|  35|0x00000000c3700000, 0x00000000c3700000, 0x00000000c3800000|  0%| F|  |TAMS 0x00000000c3700000, 0x00000000c3700000| Untracked 
|  36|0x00000000c3800000, 0x00000000c3800000, 0x00000000c3900000|  0%| F|  |TAMS 0x00000000c3800000, 0x00000000c3800000| Untracked 
|  37|0x00000000c3900000, 0x00000000c3900000, 0x00000000c3a00000|  0%| F|  |TAMS 0x00000000c3900000, 0x00000000c3900000| Untracked 
|  38|0x00000000c3a00000, 0x00000000c3a00000, 0x00000000c3b00000|  0%| F|  |TAMS 0x00000000c3a00000, 0x00000000c3a00000| Untracked 
|  39|0x00000000c3b00000, 0x00000000c3b00000, 0x00000000c3c00000|  0%| F|  |TAMS 0x00000000c3b00000, 0x00000000c3b00000| Untracked 
|  40|0x00000000c3c00000, 0x00000000c3c00000, 0x00000000c3d00000|  0%| F|  |TAMS 0x00000000c3c00000, 0x00000000c3c00000| Untracked 
|  41|0x00000000c3d00000, 0x00000000c3d00000, 0x00000000c3e00000|  0%| F|  |TAMS 0x00000000c3d00000, 0x00000000c3d00000| Untracked 
|  42|0x00000000c3e00000, 0x00000000c3e00000, 0x00000000c3f00000|  0%| F|  |TAMS 0x00000000c3e00000, 0x00000000c3e00000| Untracked 
|  43|0x00000000c3f00000, 0x00000000c3f00000, 0x00000000c4000000|  0%| F|  |TAMS 0x00000000c3f00000, 0x00000000c3f00000| Untracked 
|  44|0x00000000c4000000, 0x00000000c4000000, 0x00000000c4100000|  0%| F|  |TAMS 0x00000000c4000000, 0x00000000c4000000| Untracked 
|  45|0x00000000c4100000, 0x00000000c4100000, 0x00000000c4200000|  0%| F|  |TAMS 0x00000000c4100000, 0x00000000c4100000| Untracked 
|  46|0x00000000c4200000, 0x00000000c4200000, 0x00000000c4300000|  0%| F|  |TAMS 0x00000000c4200000, 0x00000000c4200000| Untracked 
|  47|0x00000000c4300000, 0x00000000c4300000, 0x00000000c4400000|  0%| F|  |TAMS 0x00000000c4300000, 0x00000000c4300000| Untracked 
|  48|0x00000000c4400000, 0x00000000c4400000, 0x00000000c4500000|  0%| F|  |TAMS 0x00000000c4400000, 0x00000000c4400000| Untracked 
|  49|0x00000000c4500000, 0x00000000c4500000, 0x00000000c4600000|  0%| F|  |TAMS 0x00000000c4500000, 0x00000000c4500000| Untracked 
|  50|0x00000000c4600000, 0x00000000c4600000, 0x00000000c4700000|  0%| F|  |TAMS 0x00000000c4600000, 0x00000000c4600000| Untracked 
|  51|0x00000000c4700000, 0x00000000c4700000, 0x00000000c4800000|  0%| F|  |TAMS 0x00000000c4700000, 0x00000000c4700000| Untracked 
|  52|0x00000000c4800000, 0x00000000c4800000, 0x00000000c4900000|  0%| F|  |TAMS 0x00000000c4800000, 0x00000000c4800000| Untracked 
|  53|0x00000000c4900000, 0x00000000c4900000, 0x00000000c4a00000|  0%| F|  |TAMS 0x00000000c4900000, 0x00000000c4900000| Untracked 
|  54|0x00000000c4a00000, 0x00000000c4a00000, 0x00000000c4b00000|  0%| F|  |TAMS 0x00000000c4a00000, 0x00000000c4a00000| Untracked 
|  55|0x00000000c4b00000, 0x00000000c4b5ee88, 0x00000000c4c00000| 37%| E|  |TAMS 0x00000000c4b00000, 0x00000000c4b00000| Complete 
|  56|0x00000000c4c00000, 0x00000000c4d00000, 0x00000000c4d00000|100%| E|CS|TAMS 0x00000000c4c00000, 0x00000000c4c00000| Complete 
|  57|0x00000000c4d00000, 0x00000000c4e00000, 0x00000000c4e00000|100%| E|CS|TAMS 0x00000000c4d00000, 0x00000000c4d00000| Complete 
|  58|0x00000000c4e00000, 0x00000000c4f00000, 0x00000000c4f00000|100%| E|CS|TAMS 0x00000000c4e00000, 0x00000000c4e00000| Complete 
|  59|0x00000000c4f00000, 0x00000000c5000000, 0x00000000c5000000|100%| E|CS|TAMS 0x00000000c4f00000, 0x00000000c4f00000| Complete 
|  60|0x00000000c5000000, 0x00000000c5100000, 0x00000000c5100000|100%| E|CS|TAMS 0x00000000c5000000, 0x00000000c5000000| Complete 
|  61|0x00000000c5100000, 0x00000000c5200000, 0x00000000c5200000|100%| E|CS|TAMS 0x00000000c5100000, 0x00000000c5100000| Complete 
|  62|0x00000000c5200000, 0x00000000c5300000, 0x00000000c5300000|100%| E|CS|TAMS 0x00000000c5200000, 0x00000000c5200000| Complete 
|  63|0x00000000c5300000, 0x00000000c5400000, 0x00000000c5400000|100%| E|CS|TAMS 0x00000000c5300000, 0x00000000c5300000| Complete 

Card table byte_map: [0x00000114e63e0000,0x00000114e65e0000] _byte_map_base: 0x00000114e5dd6000

Marking Bits (Prev, Next): (CMBitMap*) 0x00000114cf661b60, (CMBitMap*) 0x00000114cf661ba0
 Prev Bits: [0x00000114e67e0000, 0x00000114e7790000)
 Next Bits: [0x00000114e7790000, 0x00000114e8740000)

Polling page: 0x00000114cede0000

Metaspace:

Usage:
  Non-class:      1.98 MB used.
      Class:    209.63 KB used.
       Both:      2.19 MB used.

Virtual space:
  Non-class space:       64.00 MB reserved,       2.06 MB (  3%) committed,  1 nodes.
      Class space:        1.00 GB reserved,     320.00 KB ( <1%) committed,  1 nodes.
             Both:        1.06 GB reserved,       2.38 MB ( <1%) committed. 

Chunk freelists:
   Non-Class:  3.11 MB
       Class:  3.61 MB
        Both:  6.72 MB

MaxMetaspaceSize: unlimited
CompressedClassSpaceSize: 1.00 GB
Initial GC threshold: 21.00 MB
Current GC threshold: 21.00 MB
CDS: on
MetaspaceReclaimPolicy: balanced
 - commit_granule_bytes: 65536.
 - commit_granule_words: 8192.
 - virtual_space_node_default_size: 8388608.
 - enlarge_chunks_in_place: 1.
 - new_chunks_are_fully_committed: 0.
 - uncommit_free_chunks: 1.
 - use_allocation_guard: 0.


Internal statistics:

num_allocs_failed_limit: 0.
num_arena_births: 64.
num_arena_deaths: 0.
num_vsnodes_births: 2.
num_vsnodes_deaths: 0.
num_space_committed: 38.
num_space_uncommitted: 0.
num_chunks_returned_to_freelist: 0.
num_chunks_taken_from_freelist: 112.
num_chunk_merges: 0.
num_chunk_splits: 78.
num_chunks_enlarged: 56.
num_inconsistent_stats: 0.

CodeHeap 'non-profiled nmethods': size=120000Kb used=207Kb max_used=207Kb free=119792Kb
 bounds [0x00000114decb0000, 0x00000114def20000, 0x00000114e61e0000]
CodeHeap 'profiled nmethods': size=120000Kb used=946Kb max_used=946Kb free=119054Kb
 bounds [0x00000114d7780000, 0x00000114d79f0000, 0x00000114decb0000]
CodeHeap 'non-nmethods': size=5760Kb used=1149Kb max_used=1165Kb free=4610Kb
 bounds [0x00000114d71e0000, 0x00000114d7450000, 0x00000114d7780000]
 total_blobs=1070 nmethods=644 adapters=339
 compilation: enabled
              stopped_count=0, restarted_count=0
 full_count=0

Compilation events (20 events):
Event: 0.851 Thread 0x00000114cf6dca60  635       3       jdk.internal.loader.URLClassPath::getResource (74 bytes)
Event: 0.852 Thread 0x00000114cf6dca60 nmethod 635 0x00000114d7869190 code [0x00000114d7869360, 0x00000114d78696b8]
Event: 0.852 Thread 0x00000114cf6dca60  634       3       java.lang.ClassLoader::findBootstrapClassOrNull (14 bytes)
Event: 0.852 Thread 0x00000114cf6dca60 nmethod 634 0x00000114d7869810 code [0x00000114d78699c0, 0x00000114d7869b78]
Event: 0.854 Thread 0x00000114cf6dca60  636       3       java.io.FileSystem::hasBooleanAttributes (17 bytes)
Event: 0.854 Thread 0x00000114cf6dca60 nmethod 636 0x00000114d7869c10 code [0x00000114d7869dc0, 0x00000114d7869f68]
Event: 0.855 Thread 0x00000114cf6dca60  638       3       java.util.zip.ZipCoder$UTF8ZipCoder::toString (12 bytes)
Event: 0.855 Thread 0x00000114cf6dca60 nmethod 638 0x00000114d786a010 code [0x00000114d786a1c0, 0x00000114d786a368]
Event: 0.857 Thread 0x00000114cf6dca60  639       3       java.util.ArrayDeque::addLast (51 bytes)
Event: 0.858 Thread 0x00000114cf6dca60 nmethod 639 0x00000114d786a490 code [0x00000114d786a660, 0x00000114d786ab38]
Event: 0.860 Thread 0x00000114cf6dca60  640       3       java.util.zip.ZipUtils::LOCSIG (6 bytes)
Event: 0.861 Thread 0x00000114cf6dca60 nmethod 640 0x00000114d786ad10 code [0x00000114d786aec0, 0x00000114d786b198]
Event: 0.861 Thread 0x00000114cf6dca60  641       3       java.lang.StringLatin1::getChars (12 bytes)
Event: 0.861 Thread 0x00000114cf6dca60 nmethod 641 0x00000114d786b310 code [0x00000114d786b4a0, 0x00000114d786b5c8]
Event: 0.864 Thread 0x00000114cf6dca60  642       3       java.lang.ClassLoader::loadClass (7 bytes)
Event: 0.864 Thread 0x00000114cf6dca60 nmethod 642 0x00000114d786b690 code [0x00000114d786b840, 0x00000114d786ba08]
Event: 0.864 Thread 0x00000114cf6dca60  643       3       jdk.internal.loader.ClassLoaders$AppClassLoader::loadClass (40 bytes)
Event: 0.865 Thread 0x00000114cf6dca60 nmethod 643 0x00000114d786ba90 code [0x00000114d786bc60, 0x00000114d786c078]
Event: 0.865 Thread 0x00000114cf6dca60  644       3       jdk.internal.loader.BuiltinClassLoader::loadClass (22 bytes)
Event: 0.865 Thread 0x00000114cf6dca60 nmethod 644 0x00000114d786c210 code [0x00000114d786c3c0, 0x00000114d786c6b8]

GC Heap History (0 events):
No events

Deoptimization events (20 events):
Event: 0.379 Thread 0x00000114cf617860 Uncommon trap: trap_request=0xffffffde fr.pc=0x00000114decbe190 relative=0x0000000000000910
Event: 0.379 Thread 0x00000114cf617860 Uncommon trap: reason=class_check action=maybe_recompile pc=0x00000114decbe190 method=java.util.HashMap.putVal(ILjava/lang/Object;Ljava/lang/Object;ZZ)Ljava/lang/Object; @ 152 c2
Event: 0.379 Thread 0x00000114cf617860 DEOPT PACKING pc=0x00000114decbe190 sp=0x00000003208fe2c0
Event: 0.379 Thread 0x00000114cf617860 DEOPT UNPACKING pc=0x00000114d72323a3 sp=0x00000003208fe240 mode 2
Event: 0.379 Thread 0x00000114cf617860 Uncommon trap: trap_request=0xffffffde fr.pc=0x00000114decbe190 relative=0x0000000000000910
Event: 0.379 Thread 0x00000114cf617860 Uncommon trap: reason=class_check action=maybe_recompile pc=0x00000114decbe190 method=java.util.HashMap.putVal(ILjava/lang/Object;Ljava/lang/Object;ZZ)Ljava/lang/Object; @ 152 c2
Event: 0.379 Thread 0x00000114cf617860 DEOPT PACKING pc=0x00000114decbe190 sp=0x00000003208fe2c0
Event: 0.379 Thread 0x00000114cf617860 DEOPT UNPACKING pc=0x00000114d72323a3 sp=0x00000003208fe240 mode 2
Event: 0.484 Thread 0x00000114cf617860 Uncommon trap: trap_request=0xffffff45 fr.pc=0x00000114decb5528 relative=0x00000000000000a8
Event: 0.484 Thread 0x00000114cf617860 Uncommon trap: reason=unstable_if action=reinterpret pc=0x00000114decb5528 method=java.lang.String.isLatin1()Z @ 10 c2
Event: 0.484 Thread 0x00000114cf617860 DEOPT PACKING pc=0x00000114decb5528 sp=0x00000003208fec70
Event: 0.484 Thread 0x00000114cf617860 DEOPT UNPACKING pc=0x00000114d72323a3 sp=0x00000003208febb0 mode 2
Event: 0.514 Thread 0x00000114cf617860 DEOPT PACKING pc=0x00000114d7789c67 sp=0x00000003208fa6a0
Event: 0.514 Thread 0x00000114cf617860 DEOPT UNPACKING pc=0x00000114d7232b43 sp=0x00000003208f9ac0 mode 0
Event: 0.536 Thread 0x00000114cf617860 DEOPT PACKING pc=0x00000114d7788a51 sp=0x00000003208f8b60
Event: 0.536 Thread 0x00000114cf617860 DEOPT UNPACKING pc=0x00000114d7232b43 sp=0x00000003208f7fd8 mode 0
Event: 0.614 Thread 0x00000114cf617860 Uncommon trap: trap_request=0xffffff45 fr.pc=0x00000114decc3564 relative=0x0000000000000064
Event: 0.614 Thread 0x00000114cf617860 Uncommon trap: reason=unstable_if action=reinterpret pc=0x00000114decc3564 method=java.io.WinNTFileSystem.isSlash(C)Z @ 9 c2
Event: 0.614 Thread 0x00000114cf617860 DEOPT PACKING pc=0x00000114decc3564 sp=0x00000003208fda70
Event: 0.614 Thread 0x00000114cf617860 DEOPT UNPACKING pc=0x00000114d72323a3 sp=0x00000003208fd9f8 mode 2

Classes loaded (20 events):
Event: 0.788 Loading class java/time/zone/ZoneRulesProvider$1
Event: 0.788 Loading class java/time/zone/ZoneRulesProvider$1 done
Event: 0.788 Loading class java/time/zone/TzdbZoneRulesProvider
Event: 0.789 Loading class java/time/zone/TzdbZoneRulesProvider done
Event: 0.797 Loading class java/time/zone/Ser
Event: 0.798 Loading class java/io/Externalizable
Event: 0.798 Loading class java/io/Externalizable done
Event: 0.798 Loading class java/time/zone/Ser done
Event: 0.801 Loading class java/time/zone/ZoneOffsetTransition
Event: 0.801 Loading class java/time/zone/ZoneOffsetTransition done
Event: 0.815 Loading class java/util/concurrent/atomic/AtomicReference
Event: 0.816 Loading class java/util/concurrent/atomic/AtomicReference done
Event: 0.822 Loading class java/lang/NumberFormatException
Event: 0.822 Loading class java/lang/NumberFormatException done
Event: 0.843 Loading class java/lang/InterruptedException
Event: 0.843 Loading class java/lang/InterruptedException done
Event: 0.843 Loading class java/util/concurrent/TimeoutException
Event: 0.843 Loading class java/util/concurrent/TimeoutException done
Event: 0.864 Loading class java/lang/IllegalAccessError
Event: 0.864 Loading class java/lang/IllegalAccessError done

Classes unloaded (0 events):
No events

Classes redefined (0 events):
No events

Internal exceptions (5 events):
Event: 0.459 Thread 0x00000114cf617860 Exception <a 'java/lang/NoSuchMethodError'{0x00000000c50bd628}: 'void java.lang.invoke.DirectMethodHandle$Holder.invokeStatic(java.lang.Object, java.lang.Object, java.lang.Object)'> (0x00000000c50bd628) 
thrown [s\src\hotspot\share\interpreter\linkResolver.cpp, line 759]
Event: 0.470 Thread 0x00000114cf617860 Exception <a 'java/lang/NoSuchMethodError'{0x00000000c50d6340}: 'java.lang.Object java.lang.invoke.Invokers$Holder.invokeExact_MT(java.lang.Object, java.lang.Object, java.lang.Object, java.lang.Object, java.lang.Object)'> (0x00000000c50d6340) 
thrown [s\src\hotspot\share\interpreter\linkResolver.cpp, line 759]
Event: 0.503 Thread 0x00000114ef36aa60 Exception <a 'java/lang/NoSuchMethodError'{0x00000000c50fd0c8}: 'void java.lang.invoke.DirectMethodHandle$Holder.invokeStatic(java.lang.Object, java.lang.Object)'> (0x00000000c50fd0c8) 
thrown [s\src\hotspot\share\interpreter\linkResolver.cpp, line 759]
Event: 0.727 Thread 0x00000114cf617860 Exception <a 'java/lang/NoSuchMethodError'{0x00000000c4d85e80}: 'java.lang.Object java.lang.invoke.DirectMethodHandle$Holder.invokeSpecial(java.lang.Object, java.lang.Object, java.lang.Object, long, java.lang.Object)'> (0x00000000c4d85e80) 
thrown [s\src\hotspot\share\interpreter\linkResolver.cpp, line 759]
Event: 0.730 Thread 0x00000114cf617860 Exception <a 'java/lang/NoSuchMethodError'{0x00000000c4d89a50}: 'java.lang.Object java.lang.invoke.Invokers$Holder.linkToTargetMethod(java.lang.Object, long, java.lang.Object, java.lang.Object)'> (0x00000000c4d89a50) 
thrown [s\src\hotspot\share\interpreter\linkResolver.cpp, line 759]

VM Operations (6 events):
Event: 0.302 Executing VM operation: HandshakeAllThreads
Event: 0.302 Executing VM operation: HandshakeAllThreads done
Event: 0.488 Executing VM operation: HandshakeAllThreads
Event: 0.488 Executing VM operation: HandshakeAllThreads done
Event: 0.614 Executing VM operation: HandshakeAllThreads
Event: 0.614 Executing VM operation: HandshakeAllThreads done

Events (20 events):
Event: 0.068 Thread 0x00000114cf617860 Thread added: 0x00000114cf617860
Event: 0.074 Thread 0x00000114cf6bf920 Thread added: 0x00000114cf6bf920
Event: 0.074 Thread 0x00000114cf6c0580 Thread added: 0x00000114cf6c0580
Event: 0.099 Thread 0x00000114cf6d59c0 Thread added: 0x00000114cf6d59c0
Event: 0.099 Thread 0x00000114cf6d6360 Thread added: 0x00000114cf6d6360
Event: 0.099 Thread 0x00000114cf6d6d00 Thread added: 0x00000114cf6d6d00
Event: 0.099 Thread 0x00000114cf6d76a0 Thread added: 0x00000114cf6d76a0
Event: 0.099 Thread 0x00000114cf6d84b0 Thread added: 0x00000114cf6d84b0
Event: 0.100 Thread 0x00000114cf6dca60 Thread added: 0x00000114cf6dca60
Event: 0.100 Thread 0x00000114cf6de450 Thread added: 0x00000114cf6de450
Event: 0.280 Thread 0x00000114ef028070 Thread added: 0x00000114ef028070
Event: 0.335 Loaded shared library C:\Users\ERIN_JAVALead\.jdks\corretto-18.0.2\bin\zip.dll
Event: 0.341 Loaded shared library C:\Users\ERIN_JAVALead\.jdks\corretto-18.0.2\bin\instrument.dll
Event: 0.354 Loaded shared library C:\Users\ERIN_JAVALead\.jdks\corretto-18.0.2\bin\net.dll
Event: 0.360 Loaded shared library C:\Users\ERIN_JAVALead\.jdks\corretto-18.0.2\bin\nio.dll
Event: 0.366 Loaded shared library C:\Users\ERIN_JAVALead\.jdks\corretto-18.0.2\bin\zip.dll
Event: 0.482 Loaded shared library C:\Program Files\JetBrains\IntelliJ IDEA Community Edition 2021.3.3\bin\breakgen64.dll
Event: 0.483 Thread 0x00000114ef36aa60 Thread added: 0x00000114ef36aa60
Event: 0.484 Thread 0x00000114ef36af20 Thread added: 0x00000114ef36af20
Event: 0.604 Loaded shared library C:\Users\ERIN_JAVALead\.jdks\corretto-18.0.2\bin\jimage.dll


Dynamic libraries:
0x00007ff67a640000 - 0x00007ff67a64d000 	C:\Users\ERIN_JAVALead\.jdks\corretto-18.0.2\bin\java.exe
0x00007ff87e190000 - 0x00007ff87e388000 	C:\WINDOWS\SYSTEM32\ntdll.dll
0x00007ff87d420000 - 0x00007ff87d4e2000 	C:\WINDOWS\System32\KERNEL32.DLL
0x00007ff87bc60000 - 0x00007ff87bf56000 	C:\WINDOWS\System32\KERNELBASE.dll
0x00007ff87ba20000 - 0x00007ff87bb20000 	C:\WINDOWS\System32\ucrtbase.dll
0x00007ff873b80000 - 0x00007ff873b97000 	C:\Users\ERIN_JAVALead\.jdks\corretto-18.0.2\bin\jli.dll
0x00007ff87c6e0000 - 0x00007ff87c87d000 	C:\WINDOWS\System32\USER32.dll
0x00007ff87c190000 - 0x00007ff87c1b2000 	C:\WINDOWS\System32\win32u.dll
0x00007ff87dcf0000 - 0x00007ff87dd1b000 	C:\WINDOWS\System32\GDI32.dll
0x00007ff87b830000 - 0x00007ff87b94a000 	C:\WINDOWS\System32\gdi32full.dll
0x00007ff87b950000 - 0x00007ff87b9ed000 	C:\WINDOWS\System32\msvcp_win.dll
0x00007ff873b30000 - 0x00007ff873b45000 	C:\Users\ERIN_JAVALead\.jdks\corretto-18.0.2\bin\VCRUNTIME140.dll
0x00007ff868be0000 - 0x00007ff868e7a000 	C:\WINDOWS\WinSxS\amd64_microsoft.windows.common-controls_6595b64144ccf1df_6.0.19041.5794_none_60bcd33171f2783c\COMCTL32.dll
0x00007ff87dd80000 - 0x00007ff87de1e000 	C:\WINDOWS\System32\msvcrt.dll
0x00007ff87c1c0000 - 0x00007ff87c1ef000 	C:\WINDOWS\System32\IMM32.DLL
0x00007ff85aa00000 - 0x00007ff85aa9b000 	C:\Users\ERIN_JAVALead\.jdks\corretto-18.0.2\bin\msvcp140.dll
0x00007ff8469c0000 - 0x00007ff847631000 	C:\Users\ERIN_JAVALead\.jdks\corretto-18.0.2\bin\server\jvm.dll
0x00007ff87cc70000 - 0x00007ff87cd1f000 	C:\WINDOWS\System32\ADVAPI32.dll
0x00007ff87cf30000 - 0x00007ff87cfcf000 	C:\WINDOWS\System32\sechost.dll
0x00007ff87d2f0000 - 0x00007ff87d413000 	C:\WINDOWS\System32\RPCRT4.dll
0x00007ff87b9f0000 - 0x00007ff87ba17000 	C:\WINDOWS\System32\bcrypt.dll
0x00007ff87d1d0000 - 0x00007ff87d1d8000 	C:\WINDOWS\System32\PSAPI.DLL
0x00007ff85d7a0000 - 0x00007ff85d7a9000 	C:\WINDOWS\SYSTEM32\WSOCK32.dll
0x00007ff87cec0000 - 0x00007ff87cf2b000 	C:\WINDOWS\System32\WS2_32.dll
0x00007ff8538a0000 - 0x00007ff8538c7000 	C:\WINDOWS\SYSTEM32\WINMM.dll
0x00007ff875d00000 - 0x00007ff875d0a000 	C:\WINDOWS\SYSTEM32\VERSION.dll
0x00007ff879670000 - 0x00007ff879682000 	C:\WINDOWS\SYSTEM32\kernel.appcore.dll
0x00007ff877100000 - 0x00007ff87710a000 	C:\Users\ERIN_JAVALead\.jdks\corretto-18.0.2\bin\jimage.dll
0x00007ff868ed0000 - 0x00007ff8690d1000 	C:\WINDOWS\SYSTEM32\DBGHELP.DLL
0x00007ff859000000 - 0x00007ff859034000 	C:\WINDOWS\SYSTEM32\dbgcore.DLL
0x00007ff87bbd0000 - 0x00007ff87bc52000 	C:\WINDOWS\System32\bcryptPrimitives.dll
0x00007ff876bb0000 - 0x00007ff876bbe000 	C:\Users\ERIN_JAVALead\.jdks\corretto-18.0.2\bin\instrument.dll
0x00007ff85ebb0000 - 0x00007ff85ebd5000 	C:\Users\ERIN_JAVALead\.jdks\corretto-18.0.2\bin\java.dll
0x00007ff85a920000 - 0x00007ff85a9f6000 	C:\Users\ERIN_JAVALead\.jdks\corretto-18.0.2\bin\jsvml.dll
0x00007ff87d580000 - 0x00007ff87dcee000 	C:\WINDOWS\System32\SHELL32.dll
0x00007ff879870000 - 0x00007ff87a013000 	C:\WINDOWS\SYSTEM32\windows.storage.dll
0x00007ff87c910000 - 0x00007ff87cc63000 	C:\WINDOWS\System32\combase.dll
0x00007ff87b0b0000 - 0x00007ff87b0db000 	C:\WINDOWS\SYSTEM32\Wldp.dll
0x00007ff87dfd0000 - 0x00007ff87e09d000 	C:\WINDOWS\System32\OLEAUT32.dll
0x00007ff87e0a0000 - 0x00007ff87e14d000 	C:\WINDOWS\System32\SHCORE.dll
0x00007ff87c210000 - 0x00007ff87c265000 	C:\WINDOWS\System32\shlwapi.dll
0x00007ff87b760000 - 0x00007ff87b785000 	C:\WINDOWS\SYSTEM32\profapi.dll
0x00007ff85e850000 - 0x00007ff85e868000 	C:\Users\ERIN_JAVALead\.jdks\corretto-18.0.2\bin\zip.dll
0x00007ff873a20000 - 0x00007ff873a33000 	C:\Users\ERIN_JAVALead\.jdks\corretto-18.0.2\bin\net.dll
0x00007ff875430000 - 0x00007ff87553a000 	C:\WINDOWS\SYSTEM32\WINHTTP.dll
0x00007ff87ae90000 - 0x00007ff87aefc000 	C:\WINDOWS\system32\mswsock.dll
0x00007ff863230000 - 0x00007ff863245000 	C:\Users\ERIN_JAVALead\.jdks\corretto-18.0.2\bin\nio.dll
0x00007ff85e6f0000 - 0x00007ff85e70a000 	C:\Program Files\JetBrains\IntelliJ IDEA Community Edition 2021.3.3\bin\breakgen64.dll

dbghelp: loaded successfully - version: 4.0.5 - missing functions: none
symbol engine: initialized successfully - sym options: 0x614 - pdb path: .;C:\Users\ERIN_JAVALead\.jdks\corretto-18.0.2\bin;C:\WINDOWS\SYSTEM32;C:\WINDOWS\WinSxS\amd64_microsoft.windows.common-controls_6595b64144ccf1df_6.0.19041.5794_none_60bcd33171f2783c;C:\Users\ERIN_JAVALead\.jdks\corretto-18.0.2\bin\server;C:\Program Files\JetBrains\IntelliJ IDEA Community Edition 2021.3.3\bin

VM Arguments:
jvm_args: -javaagent:C:\Program Files\JetBrains\IntelliJ IDEA Community Edition 2021.3.3\lib\idea_rt.jar=57330:C:\Program Files\JetBrains\IntelliJ IDEA Community Edition 2021.3.3\bin -Dfile.encoding=UTF-8 
java_command: com.stc.calendarconflictoptimizer.CalendarConflictApplication
java_class_path (initial): E:\calendarconflict\target\classes;C:\Users\ERIN_JAVALead\.m2\repository\org\springframework\boot\spring-boot-starter-web\3.5.0\spring-boot-starter-web-3.5.0.jar;C:\Users\ERIN_JAVALead\.m2\repository\org\springframework\boot\spring-boot-starter\3.5.0\spring-boot-starter-3.5.0.jar;C:\Users\ERIN_JAVALead\.m2\repository\org\springframework\boot\spring-boot-starter-logging\3.5.0\spring-boot-starter-logging-3.5.0.jar;C:\Users\ERIN_JAVALead\.m2\repository\ch\qos\logback\logback-classic\1.5.18\logback-classic-1.5.18.jar;C:\Users\ERIN_JAVALead\.m2\repository\ch\qos\logback\logback-core\1.5.18\logback-core-1.5.18.jar;C:\Users\ERIN_JAVALead\.m2\repository\org\apache\logging\log4j\log4j-to-slf4j\2.24.3\log4j-to-slf4j-2.24.3.jar;C:\Users\ERIN_JAVALead\.m2\repository\org\apache\logging\log4j\log4j-api\2.24.3\log4j-api-2.24.3.jar;C:\Users\ERIN_JAVALead\.m2\repository\org\slf4j\jul-to-slf4j\2.0.17\jul-to-slf4j-2.0.17.jar;C:\Users\ERIN_JAVALead\.m2\repository\jakarta\annotation\jakarta.annotation-api\2.1.1\jakarta.annotation-api-2.1.1.jar;C:\Users\ERIN_JAVALead\.m2\repository\org\yaml\snakeyaml\2.4\snakeyaml-2.4.jar;C:\Users\ERIN_JAVALead\.m2\repository\org\springframework\boot\spring-boot-starter-json\3.5.0\spring-boot-starter-json-3.5.0.jar;C:\Users\ERIN_JAVALead\.m2\repository\com\fasterxml\jackson\core\jackson-databind\2.19.0\jackson-databind-2.19.0.jar;C:\Users\ERIN_JAVALead\.m2\repository\com\fasterxml\jackson\core\jackson-annotations\2.19.0\jackson-annotations-2.19.0.jar;C:\Users\ERIN_JAVALead\.m2\repository\com\fasterxml\jackson\core\jackson-core\2.19.0\jackson-core-2.19.0.jar;C:\Users\ERIN_JAVALead\.m2\repository\com\fasterxml\jackson\datatype\jackson-datatype-jdk8\2.19.0\jackson-datatype-jdk8-2.19.0.jar;C:\Users\ERIN_JAVALead\.m2\repository\com\fasterxml\jackson\datatype\jackson-datatype-jsr310\2.19.0\jackson-datatype-jsr310-2.19.0.jar;C:\Users\ERIN_JAVALead\.m2\repository\com\fasterxml\jackson\module\jackson-module-parameter-names\2.19.0\jackson-module-parameter-names-2.19.0.jar;C:\Users\ERIN_JAVALead\.m2\repository\org\springframework\boot\spring-boot-starter-tomcat\3.5.0\spring-boot-starter-tomcat-3.5.0.jar;C:\Users\ERIN_JAVALead\.m2\repository\org\apache\tomcat\embed\tomcat-embed-core\10.1.41\tomcat-embed-core-10.1.41.jar;C:\Users\ERIN_JAVALead\.m2\repository\org\apache\tomcat\embed\tomcat-embed-el\10.1.41\tomcat-embed-el-10.1.41.jar;C:\Users\ERIN_JAVALead\.m2\repository\org\apache\tomcat\embed\tomcat-embed-websocket\10.1.41\tomcat-embed-websocket-10.1.41.jar;C:\Users\ERIN_JAVALead\.m2\repository\org\springframework\spring-web\6.2.7\spring-web-6.2.7.jar;C:\Users\ERIN_JAVALead\.m2\repository\org\springframework\spring-beans\6.2.7\spring-beans-6.2.7.jar;C:\Users\ERIN_JAVALead\.m2\repository\io\micrometer\micrometer-observation\1.15.0\micrometer-observation-1.15.0.jar;C:\Users\ERIN_JAVALead\.m2\repository\io\micrometer\micrometer-commons\1.15.0\micrometer-commons-1.15.0.jar;C:\Users\ERIN_JAVALead\.m2\repository\org\springframework\spring-webmvc\6.2.7\spring-webmvc-6.2.7.jar;C:\Users\ERIN_JAVALead\.m2\repository\org\springframework\spring-aop\6.2.7\spring-aop-6.2.7.jar;C:\Users\ERIN_JAVALead\.m2\repository\org\springframework\spring-context\6.2.7\spring-context-6.2.7.jar;C:\Users\ERIN_JAVALead\.m2\repository\org\springframework\spring-expression\6.2.7\spring-expression-6.2.7.jar;C:\Users\ERIN_JAVALead\.m2\repository\org\springframework\boot\spring-boot-devtools\3.5.0\spring-boot-devtools-3.5.0.jar;C:\Users\ERIN_JAVALead\.m2\repository\org\springframework\boot\spring-boot\3.5.0\spring-boot-3.5.0.jar;C:\Users\ERIN_JAVALead\.m2\repository\org\springframework\boot\spring-boot-autoconfigure\3.5.0\spring-boot-autoconfigure-3.5.0.jar;C:\Users\ERIN_JAVALead\.m2\repository\org\slf4j\slf4j-api\2.0.17\slf4j-api-2.0.17.jar;C:\Users\ERIN_JAVALead\.m2\repository\org\springframework\spring-core\6.2.7\spring-core-6.2.7.jar;C:\Users\ERIN_JAVALead\.m2\repository\org\springframework\spring-jcl\6.2.7\spring-jcl-6.2.7.jar
Launcher Type: SUN_STANDARD

[Global flags]
     intx CICompilerCount                          = 3                                         {product} {ergonomic}
     uint ConcGCThreads                            = 1                                         {product} {ergonomic}
     uint G1ConcRefinementThreads                  = 4                                         {product} {ergonomic}
   size_t G1HeapRegionSize                         = 1048576                                   {product} {ergonomic}
    uintx GCDrainStackTargetSize                   = 64                                        {product} {ergonomic}
   size_t InitialHeapSize                          = 67108864                                  {product} {ergonomic}
   size_t MarkStackSize                            = 4194304                                   {product} {ergonomic}
   size_t MaxHeapSize                              = 1052770304                                {product} {ergonomic}
   size_t MaxNewSize                               = 631242752                                 {product} {ergonomic}
   size_t MinHeapDeltaBytes                        = 1048576                                   {product} {ergonomic}
   size_t MinHeapSize                              = 8388608                                   {product} {ergonomic}
    uintx NonNMethodCodeHeapSize                   = 5832780                                {pd product} {ergonomic}
    uintx NonProfiledCodeHeapSize                  = 122912730                              {pd product} {ergonomic}
    uintx ProfiledCodeHeapSize                     = 122912730                              {pd product} {ergonomic}
    uintx ReservedCodeCacheSize                    = 251658240                              {pd product} {ergonomic}
     bool SegmentedCodeCache                       = true                                      {product} {ergonomic}
   size_t SoftMaxHeapSize                          = 1052770304                             {manageable} {ergonomic}
     bool UseCompressedClassPointers               = true                           {product lp64_product} {ergonomic}
     bool UseCompressedOops                        = true                           {product lp64_product} {ergonomic}
     bool UseG1GC                                  = true                                      {product} {ergonomic}
     bool UseLargePagesIndividualAllocation        = false                                  {pd product} {ergonomic}

Logging:
Log output configuration:
 #0: stdout all=warning uptime,level,tags foldmultilines=false
 #1: stderr all=off uptime,level,tags foldmultilines=false

Environment Variables:
JAVA_HOME=C:\Program Files\Java\jdk-17
PATH=C:\Program Files (x86)\Common Files\Oracle\Java\javapath;C:\WINDOWS\system32;C:\WINDOWS;C:\WINDOWS\System32\Wbem;C:\WINDOWS\System32\WindowsPowerShell\v1.0\;C:\WINDOWS\System32\OpenSSH\;C:\Program Files (x86)\nodejs\;C:\Program Files (x86)\nodejs\npm;C:\Users\ERIN_JAVALead\AppData\Roaming\npm;C:\Program Files\Git\cmd;C:\Program Files (x86)\dotnet\;C:\Program Files (x86)\Microsoft SQL Server\160\DTS\Binn\;C:\Program Files (x86)\Microsoft SQL Server\160\Tools\Binn\;C:\Program Files\Microsoft SQL Server\160\Tools\Binn\;C:\Program Files\Microsoft SQL Server\Client SDK\ODBC\170\Tools\Binn\;C:\Program Files\Microsoft SQL Server\160\DTS\Binn\;C:\Program Files\Java\jdk1.8.0_202\bin;C:\Program Files\Java\jdk1.8.0_202\jre\bin;C:\kafkasrc\bin\windows;C:\Program Files\Docker\Docker;C:\Users\ERIN_JAVALead\AppData\Local\Microsoft\WindowsApps;C:\Users\ERIN_JAVALead\AppData\Local\Programs\Microsoft VS Code\bin;C:\Users\ERIN_JAVALead\AppData\Roaming\npm;C:\Program Files\Azure Data Studio\bin;C:\URLValidationFormat\validationformat\flutter\bin;C:\Users\ERIN_JAVALead\diet-vision-flutter\lib\flutter\bin
USERNAME=ERIN_JAVALead
OS=Windows_NT
PROCESSOR_IDENTIFIER=Intel64 Family 6 Model 78 Stepping 3, GenuineIntel



---------------  S Y S T E M  ---------------

OS:
 Windows 10 , 64 bit Build 19041 (10.0.19041.5794)
OS uptime: 0 days 10:59 hours
Hyper-V role detected

CPU: total 4 (initial active 4) (2 cores per cpu, 2 threads per core) family 6 model 78 stepping 3 microcode 0xcc, cx8, cmov, fxsr, ht, mmx, 3dnowpref, sse, sse2, sse3, ssse3, sse4.1, sse4.2, popcnt, lzcnt, tsc, tscinvbit, avx, avx2, aes, erms, clmul, bmi1, bmi2, adx, fma, vzeroupper, clflush, clflushopt, hv

Memory: 4k page, system-wide physical 4012M (323M free)
TotalPageFile size 6060M (AvailPageFile size 3M)
current process WorkingSet (physical memory assigned to process): 46M, peak: 46M
current process commit charge ("private bytes"): 140M, peak: 140M

vm_info: OpenJDK 64-Bit Server VM (18.0.2+9-FR) for windows-amd64 JRE (18.0.2+9-FR), built on Jul 15 2022 20:03:03 by "Administrator" with MS VC++ 15.9 (VS2017)

END.
