#
# There is insufficient memory for the Java Runtime Environment to continue.
# Native memory allocation (mmap) failed to map 65536 bytes for Failed to commit metaspace.
# Possible reasons:
#   The system is out of physical RAM or swap space
#   The process is running with CompressedOops enabled, and the Java Heap may be blocking the growth of the native heap
# Possible solutions:
#   Reduce memory load on the system
#   Increase physical memory or swap space
#   Check if swap backing store is full
#   Decrease Java heap size (-Xmx/-Xms)
#   Decrease number of Java threads
#   Decrease Java thread stack sizes (-Xss)
#   Set larger code cache with -XX:ReservedCodeCacheSize=
#   JVM is running with Unscaled Compressed Oops mode in which the Java heap is
#     placed in the first 4GB address space. The Java Heap base address is the
#     maximum limit for the native heap growth. Please use -XX:HeapBaseMinAddress
#     to set the Java Heap base and to place the Java Heap above 4GB virtual address.
# This output file may be truncated or incomplete.
#
#  Out of Memory Error (virtualSpaceNode.cpp:110), pid=7616, tid=6776
#
# JRE version: OpenJDK Runtime Environment Corretto-18.0.2.9.1 (18.0.2+9) (build 18.0.2+9-FR)
# Java VM: OpenJDK 64-Bit Server VM Corretto-18.0.2.9.1 (18.0.2+9-FR, mixed mode, sharing, tiered, compressed oops, compressed class ptrs, g1 gc, windows-amd64)
# No core dump will be written. Minidumps are not enabled by default on client versions of Windows
#

---------------  S U M M A R Y ------------

Command Line: -javaagent:C:\Program Files\JetBrains\IntelliJ IDEA Community Edition 2021.3.3\lib\idea_rt.jar=60066:C:\Program Files\JetBrains\IntelliJ IDEA Community Edition 2021.3.3\bin -Dfile.encoding=UTF-8 com.stc.rentalplatform.rentalplatform.RentalplatformApplication

Host: Intel(R) Core(TM) i3-6006U CPU @ 2.00GHz, 4 cores, 3G,  Windows 10 , 64 bit Build 19041 (10.0.19041.5794)
Time: Sat May 31 01:02:44 2025 Egypt Daylight Time elapsed time: 5.025932 seconds (0d 0h 0m 5s)

---------------  T H R E A D  ---------------

Current thread (0x000001cc0428d5b0):  JavaThread "background-preinit" [_thread_in_vm, id=6776, stack(0x000000c36b500000,0x000000c36b600000)]

Stack: [0x000000c36b500000,0x000000c36b600000]
Native frames: (J=compiled Java code, j=interpreted, Vv=VM code, C=native code)
V  [jvm.dll+0x685a2a]
V  [jvm.dll+0x82ae8d]
V  [jvm.dll+0x82c75e]
V  [jvm.dll+0x82ce03]
V  [jvm.dll+0x25ef4b]
V  [jvm.dll+0x826bdb]
V  [jvm.dll+0x62d206]
V  [jvm.dll+0x1dd6de]
V  [jvm.dll+0x62fa7e]
V  [jvm.dll+0x62f88e]
V  [jvm.dll+0x62dbc5]
V  [jvm.dll+0x25391f]
V  [jvm.dll+0x637785]
V  [jvm.dll+0x207486]
V  [jvm.dll+0x207915]
V  [jvm.dll+0x208351]
V  [jvm.dll+0x1fde59]
V  [jvm.dll+0x54c245]
V  [jvm.dll+0x7a896f]
V  [jvm.dll+0x7a8a54]
V  [jvm.dll+0x424844]
V  [jvm.dll+0x42a218]
C  [java.dll+0x17ec]

Java frames: (J=compiled Java code, j=interpreted, Vv=VM code)
J 1003  java.lang.ClassLoader.defineClass1(Ljava/lang/ClassLoader;Ljava/lang/String;[BIILjava/security/ProtectionDomain;Ljava/lang/String;)Ljava/lang/Class; java.base@18.0.2 (0 bytes) @ 0x000001cc72df5863 [0x000001cc72df57a0+0x00000000000000c3]
J 1171 c1 java.lang.ClassLoader.defineClass(Ljava/lang/String;[BIILjava/security/ProtectionDomain;)Ljava/lang/Class; java.base@18.0.2 (43 bytes) @ 0x000001cc6ba6e9d4 [0x000001cc6ba6e680+0x0000000000000354]
J 1094 c1 java.security.SecureClassLoader.defineClass(Ljava/lang/String;[BIILjava/security/CodeSource;)Ljava/lang/Class; java.base@18.0.2 (16 bytes) @ 0x000001cc6ba5258c [0x000001cc6ba524c0+0x00000000000000cc]
J 874 c1 jdk.internal.loader.BuiltinClassLoader.defineClass(Ljava/lang/String;Ljdk/internal/loader/Resource;)Ljava/lang/Class; java.base@18.0.2 (121 bytes) @ 0x000001cc6b9ebce4 [0x000001cc6b9ead80+0x0000000000000f64]
J 761 c1 jdk.internal.loader.BuiltinClassLoader.findClassOnClassPathOrNull(Ljava/lang/String;)Ljava/lang/Class; java.base@18.0.2 (64 bytes) @ 0x000001cc6b9908b4 [0x000001cc6b98fbe0+0x0000000000000cd4]
J 467 c1 jdk.internal.loader.BuiltinClassLoader.loadClassOrNull(Ljava/lang/String;Z)Ljava/lang/Class; java.base@18.0.2 (143 bytes) @ 0x000001cc6b911734 [0x000001cc6b910cc0+0x0000000000000a74]
J 670 c1 jdk.internal.loader.ClassLoaders$AppClassLoader.loadClass(Ljava/lang/String;Z)Ljava/lang/Class; java.base@18.0.2 (40 bytes) @ 0x000001cc6b969c44 [0x000001cc6b969a60+0x00000000000001e4]
J 669 c1 java.lang.ClassLoader.loadClass(Ljava/lang/String;)Ljava/lang/Class; java.base@18.0.2 (7 bytes) @ 0x000001cc6b96974c [0x000001cc6b969640+0x000000000000010c]
v  ~StubRoutines::call_stub
J 1003  java.lang.ClassLoader.defineClass1(Ljava/lang/ClassLoader;Ljava/lang/String;[BIILjava/security/ProtectionDomain;Ljava/lang/String;)Ljava/lang/Class; java.base@18.0.2 (0 bytes) @ 0x000001cc72df5863 [0x000001cc72df57a0+0x00000000000000c3]
J 1171 c1 java.lang.ClassLoader.defineClass(Ljava/lang/String;[BIILjava/security/ProtectionDomain;)Ljava/lang/Class; java.base@18.0.2 (43 bytes) @ 0x000001cc6ba6e9d4 [0x000001cc6ba6e680+0x0000000000000354]
J 1094 c1 java.security.SecureClassLoader.defineClass(Ljava/lang/String;[BIILjava/security/CodeSource;)Ljava/lang/Class; java.base@18.0.2 (16 bytes) @ 0x000001cc6ba5258c [0x000001cc6ba524c0+0x00000000000000cc]
J 874 c1 jdk.internal.loader.BuiltinClassLoader.defineClass(Ljava/lang/String;Ljdk/internal/loader/Resource;)Ljava/lang/Class; java.base@18.0.2 (121 bytes) @ 0x000001cc6b9ebce4 [0x000001cc6b9ead80+0x0000000000000f64]
J 761 c1 jdk.internal.loader.BuiltinClassLoader.findClassOnClassPathOrNull(Ljava/lang/String;)Ljava/lang/Class; java.base@18.0.2 (64 bytes) @ 0x000001cc6b9908b4 [0x000001cc6b98fbe0+0x0000000000000cd4]
J 467 c1 jdk.internal.loader.BuiltinClassLoader.loadClassOrNull(Ljava/lang/String;Z)Ljava/lang/Class; java.base@18.0.2 (143 bytes) @ 0x000001cc6b911734 [0x000001cc6b910cc0+0x0000000000000a74]
J 670 c1 jdk.internal.loader.ClassLoaders$AppClassLoader.loadClass(Ljava/lang/String;Z)Ljava/lang/Class; java.base@18.0.2 (40 bytes) @ 0x000001cc6b969c44 [0x000001cc6b969a60+0x00000000000001e4]
J 669 c1 java.lang.ClassLoader.loadClass(Ljava/lang/String;)Ljava/lang/Class; java.base@18.0.2 (7 bytes) @ 0x000001cc6b96974c [0x000001cc6b969640+0x000000000000010c]
v  ~StubRoutines::call_stub
J 1003  java.lang.ClassLoader.defineClass1(Ljava/lang/ClassLoader;Ljava/lang/String;[BIILjava/security/ProtectionDomain;Ljava/lang/String;)Ljava/lang/Class; java.base@18.0.2 (0 bytes) @ 0x000001cc72df5863 [0x000001cc72df57a0+0x00000000000000c3]
J 1171 c1 java.lang.ClassLoader.defineClass(Ljava/lang/String;[BIILjava/security/ProtectionDomain;)Ljava/lang/Class; java.base@18.0.2 (43 bytes) @ 0x000001cc6ba6e9d4 [0x000001cc6ba6e680+0x0000000000000354]
J 1094 c1 java.security.SecureClassLoader.defineClass(Ljava/lang/String;[BIILjava/security/CodeSource;)Ljava/lang/Class; java.base@18.0.2 (16 bytes) @ 0x000001cc6ba5258c [0x000001cc6ba524c0+0x00000000000000cc]
J 874 c1 jdk.internal.loader.BuiltinClassLoader.defineClass(Ljava/lang/String;Ljdk/internal/loader/Resource;)Ljava/lang/Class; java.base@18.0.2 (121 bytes) @ 0x000001cc6b9ebce4 [0x000001cc6b9ead80+0x0000000000000f64]
J 761 c1 jdk.internal.loader.BuiltinClassLoader.findClassOnClassPathOrNull(Ljava/lang/String;)Ljava/lang/Class; java.base@18.0.2 (64 bytes) @ 0x000001cc6b9908b4 [0x000001cc6b98fbe0+0x0000000000000cd4]
J 467 c1 jdk.internal.loader.BuiltinClassLoader.loadClassOrNull(Ljava/lang/String;Z)Ljava/lang/Class; java.base@18.0.2 (143 bytes) @ 0x000001cc6b911734 [0x000001cc6b910cc0+0x0000000000000a74]
J 670 c1 jdk.internal.loader.ClassLoaders$AppClassLoader.loadClass(Ljava/lang/String;Z)Ljava/lang/Class; java.base@18.0.2 (40 bytes) @ 0x000001cc6b969c44 [0x000001cc6b969a60+0x00000000000001e4]
J 669 c1 java.lang.ClassLoader.loadClass(Ljava/lang/String;)Ljava/lang/Class; java.base@18.0.2 (7 bytes) @ 0x000001cc6b96974c [0x000001cc6b969640+0x000000000000010c]
v  ~StubRoutines::call_stub
j  com.fasterxml.jackson.databind.ObjectMapper.<init>(Lcom/fasterxml/jackson/core/JsonFactory;Lcom/fasterxml/jackson/databind/ser/DefaultSerializerProvider;Lcom/fasterxml/jackson/databind/deser/DefaultDeserializationContext;)V+260
j  com.fasterxml.jackson.databind.ObjectMapper.<init>()V+4
j  org.springframework.http.converter.json.Jackson2ObjectMapperBuilder.build()Lcom/fasterxml/jackson/databind/ObjectMapper;+81
j  org.springframework.http.converter.json.MappingJackson2HttpMessageConverter.<init>()V+4
j  org.springframework.http.converter.support.AllEncompassingFormHttpMessageConverter.<init>()V+55
j  org.springframework.boot.autoconfigure.BackgroundPreinitializer$MessageConverterInitializer.run()V+4
j  org.springframework.boot.autoconfigure.BackgroundPreinitializer$1.runSafely(Ljava/lang/Runnable;)Z+1
j  org.springframework.boot.autoconfigure.BackgroundPreinitializer$1.run()V+32
j  java.lang.Thread.run()V+11 java.base@18.0.2
v  ~StubRoutines::call_stub

---------------  P R O C E S S  ---------------

Threads class SMR info:
_java_thread_list=0x000001cc04119a00, length=17, elements={
0x000001cc63712aa0, 0x000001cc637af750, 0x000001cc637b03b0, 0x000001cc637c65a0,
0x000001cc637c6f40, 0x000001cc637c78e0, 0x000001cc637c8280, 0x000001cc637c8f50,
0x000001cc637cb940, 0x000001cc7eccfec0, 0x000001cc7ee883a0, 0x000001cc7f0847a0,
0x000001cc7f084c60, 0x000001cc7f4a37c0, 0x000001cc7f417a10, 0x000001cc7fa34540,
0x000001cc0428d5b0
}

Java Threads: ( => current thread )
  0x000001cc63712aa0 JavaThread "main" [_thread_blocked, id=7320, stack(0x000000c369b00000,0x000000c369c00000)]
  0x000001cc637af750 JavaThread "Reference Handler" daemon [_thread_blocked, id=11944, stack(0x000000c36a200000,0x000000c36a300000)]
  0x000001cc637b03b0 JavaThread "Finalizer" daemon [_thread_blocked, id=7860, stack(0x000000c36a300000,0x000000c36a400000)]
  0x000001cc637c65a0 JavaThread "Signal Dispatcher" daemon [_thread_blocked, id=5400, stack(0x000000c36a400000,0x000000c36a500000)]
  0x000001cc637c6f40 JavaThread "Attach Listener" daemon [_thread_blocked, id=8324, stack(0x000000c36a500000,0x000000c36a600000)]
  0x000001cc637c78e0 JavaThread "Service Thread" daemon [_thread_blocked, id=2696, stack(0x000000c36a600000,0x000000c36a700000)]
  0x000001cc637c8280 JavaThread "Monitor Deflation Thread" daemon [_thread_blocked, id=2672, stack(0x000000c36a700000,0x000000c36a800000)]
  0x000001cc637c8f50 JavaThread "C2 CompilerThread0" daemon [_thread_blocked, id=8968, stack(0x000000c36a800000,0x000000c36a900000)]
  0x000001cc637cb940 JavaThread "C1 CompilerThread0" daemon [_thread_blocked, id=4704, stack(0x000000c36a900000,0x000000c36aa00000)]
  0x000001cc7eccfec0 JavaThread "Sweeper thread" daemon [_thread_blocked, id=8248, stack(0x000000c36aa00000,0x000000c36ab00000)]
  0x000001cc7ee883a0 JavaThread "Common-Cleaner" daemon [_thread_blocked, id=9152, stack(0x000000c36ab00000,0x000000c36ac00000)]
  0x000001cc7f0847a0 JavaThread "Monitor Ctrl-Break" daemon [_thread_in_native, id=11240, stack(0x000000c36ac00000,0x000000c36ad00000)]
  0x000001cc7f084c60 JavaThread "Notification Thread" daemon [_thread_blocked, id=12036, stack(0x000000c36ad00000,0x000000c36ae00000)]
  0x000001cc7f4a37c0 JavaThread "Thread-0" [_thread_blocked, id=8532, stack(0x000000c36b300000,0x000000c36b400000)]
  0x000001cc7f417a10 JavaThread "restartedMain" [_thread_in_vm, id=4508, stack(0x000000c36b400000,0x000000c36b500000)]
  0x000001cc7fa34540 JavaThread "C2 CompilerThread1" daemon [_thread_blocked, id=1524, stack(0x000000c36b600000,0x000000c36b700000)]
=>0x000001cc0428d5b0 JavaThread "background-preinit" [_thread_in_vm, id=6776, stack(0x000000c36b500000,0x000000c36b600000)]

Other Threads:
  0x000001cc63768920 VMThread "VM Thread" [stack: 0x000000c36a100000,0x000000c36a200000] [id=12012]
  0x000001cc7ef4f140 WatcherThread "VM Periodic Task Thread" [stack: 0x000000c36ae00000,0x000000c36af00000] [id=9244]
  0x000001cc63752740 WorkerThread "GC Thread#0" [stack: 0x000000c369c00000,0x000000c369d00000] [id=6716]
  0x000001cc7f445f70 WorkerThread "GC Thread#1" [stack: 0x000000c36af00000,0x000000c36b000000] [id=2292]
  0x000001cc7f40f6f0 WorkerThread "GC Thread#2" [stack: 0x000000c36b000000,0x000000c36b100000] [id=9064]
  0x000001cc7f426c20 WorkerThread "GC Thread#3" [stack: 0x000000c36b100000,0x000000c36b200000] [id=896]
  0x000001cc6375c400 ConcurrentGCThread "G1 Main Marker" [stack: 0x000000c369d00000,0x000000c369e00000] [id=9144]
  0x000001cc6375d630 WorkerThread "G1 Conc#0" [stack: 0x000000c369e00000,0x000000c369f00000] [id=1036]
  0x000001cc63789c00 ConcurrentGCThread "G1 Refine#0" [stack: 0x000000c369f00000,0x000000c36a000000] [id=3852]
  0x000001cc7f40f050 ConcurrentGCThread "G1 Refine#1" [stack: 0x000000c36b200000,0x000000c36b300000] [id=9184]
  0x000001cc6378a510 ConcurrentGCThread "G1 Service" [stack: 0x000000c36a000000,0x000000c36a100000] [id=8164]

Threads with active compile tasks:

VM state: not at safepoint (normal execution)

VM Mutex/Monitor currently owned by a thread:  ([mutex/lock_event])
[0x000001cc636ffff0] Metaspace_lock - owner thread: 0x000001cc0428d5b0

Heap address: 0x00000000c1400000, size: 1004 MB, Compressed Oops mode: 32-bit

CDS archive(s) mapped at: [0x0000000800000000-0x0000000800ba0000-0x0000000800ba0000), size 12189696, SharedBaseAddress: 0x0000000800000000, ArchiveRelocationMode: 0.
Compressed class space mapped at: 0x0000000800c00000-0x0000000840c00000, reserved size: 1073741824
Narrow klass base: 0x0000000800000000, Narrow klass shift: 0, Narrow klass range: 0x100000000

GC Precious Log:
 CardTable entry size: 512
 Card Set container configuration: InlinePtr #cards 5 size 8 Array Of Cards #cards 12 size 40 Howl #buckets 4 coarsen threshold 1843 Howl Bitmap #cards 512 size 80 coarsen threshold 460 Card regions per heap region 1 cards per card region 2048
 CPUs: 4 total, 4 available
 Memory: 4012M
 Large Page Support: Disabled
 NUMA Support: Disabled
 Compressed Oops: Enabled (32-bit)
 Heap Region Size: 1M
 Heap Min Capacity: 8M
 Heap Initial Capacity: 64M
 Heap Max Capacity: 1004M
 Pre-touch: Disabled
 Parallel Workers: 4
 Concurrent Workers: 1
 Concurrent Refinement Workers: 4
 Periodic GC: Disabled

Heap:
 garbage-first heap   total 65536K, used 23892K [0x00000000c1400000, 0x0000000100000000)
  region size 1024K, 18 young (18432K), 3 survivors (3072K)
 Metaspace       used 15161K, committed 15552K, reserved 1114112K
  class space    used 1830K, committed 2048K, reserved 1048576K

Heap Regions: E=young(eden), S=young(survivor), O=old, HS=humongous(starts), HC=humongous(continues), CS=collection set, F=free, OA=open archive, CA=closed archive, TAMS=top-at-mark-start (previous, next)
|   0|0x00000000c1400000, 0x00000000c1500000, 0x00000000c1500000|100%|HS|  |TAMS 0x00000000c1400000, 0x00000000c1400000| Complete 
|   1|0x00000000c1500000, 0x00000000c1600000, 0x00000000c1600000|100%|HS|  |TAMS 0x00000000c1500000, 0x00000000c1500000| Complete 
|   2|0x00000000c1600000, 0x00000000c1700000, 0x00000000c1700000|100%| O|  |TAMS 0x00000000c1600000, 0x00000000c1600000| Untracked 
|   3|0x00000000c1700000, 0x00000000c1800000, 0x00000000c1800000|100%| O|  |TAMS 0x00000000c1700000, 0x00000000c1700000| Untracked 
|   4|0x00000000c1800000, 0x00000000c1900000, 0x00000000c1900000|100%| O|  |TAMS 0x00000000c1800000, 0x00000000c1800000| Untracked 
|   5|0x00000000c1900000, 0x00000000c1a00000, 0x00000000c1a00000|100%| O|  |TAMS 0x00000000c1900000, 0x00000000c1900000| Untracked 
|   6|0x00000000c1a00000, 0x00000000c1ab9600, 0x00000000c1b00000| 72%| O|  |TAMS 0x00000000c1a00000, 0x00000000c1a00000| Untracked 
|   7|0x00000000c1b00000, 0x00000000c1b00000, 0x00000000c1c00000|  0%| F|  |TAMS 0x00000000c1b00000, 0x00000000c1b00000| Untracked 
|   8|0x00000000c1c00000, 0x00000000c1c00000, 0x00000000c1d00000|  0%| F|  |TAMS 0x00000000c1c00000, 0x00000000c1c00000| Untracked 
|   9|0x00000000c1d00000, 0x00000000c1d00000, 0x00000000c1e00000|  0%| F|  |TAMS 0x00000000c1d00000, 0x00000000c1d00000| Untracked 
|  10|0x00000000c1e00000, 0x00000000c1e00000, 0x00000000c1f00000|  0%| F|  |TAMS 0x00000000c1e00000, 0x00000000c1e00000| Untracked 
|  11|0x00000000c1f00000, 0x00000000c1f00000, 0x00000000c2000000|  0%| F|  |TAMS 0x00000000c1f00000, 0x00000000c1f00000| Untracked 
|  12|0x00000000c2000000, 0x00000000c2000000, 0x00000000c2100000|  0%| F|  |TAMS 0x00000000c2000000, 0x00000000c2000000| Untracked 
|  13|0x00000000c2100000, 0x00000000c2100000, 0x00000000c2200000|  0%| F|  |TAMS 0x00000000c2100000, 0x00000000c2100000| Untracked 
|  14|0x00000000c2200000, 0x00000000c2200000, 0x00000000c2300000|  0%| F|  |TAMS 0x00000000c2200000, 0x00000000c2200000| Untracked 
|  15|0x00000000c2300000, 0x00000000c2300000, 0x00000000c2400000|  0%| F|  |TAMS 0x00000000c2300000, 0x00000000c2300000| Untracked 
|  16|0x00000000c2400000, 0x00000000c2400000, 0x00000000c2500000|  0%| F|  |TAMS 0x00000000c2400000, 0x00000000c2400000| Untracked 
|  17|0x00000000c2500000, 0x00000000c2500000, 0x00000000c2600000|  0%| F|  |TAMS 0x00000000c2500000, 0x00000000c2500000| Untracked 
|  18|0x00000000c2600000, 0x00000000c2600000, 0x00000000c2700000|  0%| F|  |TAMS 0x00000000c2600000, 0x00000000c2600000| Untracked 
|  19|0x00000000c2700000, 0x00000000c2700000, 0x00000000c2800000|  0%| F|  |TAMS 0x00000000c2700000, 0x00000000c2700000| Untracked 
|  20|0x00000000c2800000, 0x00000000c2800000, 0x00000000c2900000|  0%| F|  |TAMS 0x00000000c2800000, 0x00000000c2800000| Untracked 
|  21|0x00000000c2900000, 0x00000000c2900000, 0x00000000c2a00000|  0%| F|  |TAMS 0x00000000c2900000, 0x00000000c2900000| Untracked 
|  22|0x00000000c2a00000, 0x00000000c2a00000, 0x00000000c2b00000|  0%| F|  |TAMS 0x00000000c2a00000, 0x00000000c2a00000| Untracked 
|  23|0x00000000c2b00000, 0x00000000c2b00000, 0x00000000c2c00000|  0%| F|  |TAMS 0x00000000c2b00000, 0x00000000c2b00000| Untracked 
|  24|0x00000000c2c00000, 0x00000000c2c00000, 0x00000000c2d00000|  0%| F|  |TAMS 0x00000000c2c00000, 0x00000000c2c00000| Untracked 
|  25|0x00000000c2d00000, 0x00000000c2d00000, 0x00000000c2e00000|  0%| F|  |TAMS 0x00000000c2d00000, 0x00000000c2d00000| Untracked 
|  26|0x00000000c2e00000, 0x00000000c2e00000, 0x00000000c2f00000|  0%| F|  |TAMS 0x00000000c2e00000, 0x00000000c2e00000| Untracked 
|  27|0x00000000c2f00000, 0x00000000c2f00000, 0x00000000c3000000|  0%| F|  |TAMS 0x00000000c2f00000, 0x00000000c2f00000| Untracked 
|  28|0x00000000c3000000, 0x00000000c3000000, 0x00000000c3100000|  0%| F|  |TAMS 0x00000000c3000000, 0x00000000c3000000| Untracked 
|  29|0x00000000c3100000, 0x00000000c3100000, 0x00000000c3200000|  0%| F|  |TAMS 0x00000000c3100000, 0x00000000c3100000| Untracked 
|  30|0x00000000c3200000, 0x00000000c3200000, 0x00000000c3300000|  0%| F|  |TAMS 0x00000000c3200000, 0x00000000c3200000| Untracked 
|  31|0x00000000c3300000, 0x00000000c3300000, 0x00000000c3400000|  0%| F|  |TAMS 0x00000000c3300000, 0x00000000c3300000| Untracked 
|  32|0x00000000c3400000, 0x00000000c3400000, 0x00000000c3500000|  0%| F|  |TAMS 0x00000000c3400000, 0x00000000c3400000| Untracked 
|  33|0x00000000c3500000, 0x00000000c3500000, 0x00000000c3600000|  0%| F|  |TAMS 0x00000000c3500000, 0x00000000c3500000| Untracked 
|  34|0x00000000c3600000, 0x00000000c3600000, 0x00000000c3700000|  0%| F|  |TAMS 0x00000000c3600000, 0x00000000c3600000| Untracked 
|  35|0x00000000c3700000, 0x00000000c3700000, 0x00000000c3800000|  0%| F|  |TAMS 0x00000000c3700000, 0x00000000c3700000| Untracked 
|  36|0x00000000c3800000, 0x00000000c3800000, 0x00000000c3900000|  0%| F|  |TAMS 0x00000000c3800000, 0x00000000c3800000| Untracked 
|  37|0x00000000c3900000, 0x00000000c3900000, 0x00000000c3a00000|  0%| F|  |TAMS 0x00000000c3900000, 0x00000000c3900000| Untracked 
|  38|0x00000000c3a00000, 0x00000000c3a00000, 0x00000000c3b00000|  0%| F|  |TAMS 0x00000000c3a00000, 0x00000000c3a00000| Untracked 
|  39|0x00000000c3b00000, 0x00000000c3b9bc90, 0x00000000c3c00000| 60%| S|CS|TAMS 0x00000000c3b00000, 0x00000000c3b00000| Complete 
|  40|0x00000000c3c00000, 0x00000000c3d00000, 0x00000000c3d00000|100%| S|CS|TAMS 0x00000000c3c00000, 0x00000000c3c00000| Complete 
|  41|0x00000000c3d00000, 0x00000000c3e00000, 0x00000000c3e00000|100%| S|CS|TAMS 0x00000000c3d00000, 0x00000000c3d00000| Complete 
|  42|0x00000000c3e00000, 0x00000000c3e00000, 0x00000000c3f00000|  0%| F|  |TAMS 0x00000000c3e00000, 0x00000000c3e00000| Untracked 
|  43|0x00000000c3f00000, 0x00000000c3f00000, 0x00000000c4000000|  0%| F|  |TAMS 0x00000000c3f00000, 0x00000000c3f00000| Untracked 
|  44|0x00000000c4000000, 0x00000000c4000000, 0x00000000c4100000|  0%| F|  |TAMS 0x00000000c4000000, 0x00000000c4000000| Untracked 
|  45|0x00000000c4100000, 0x00000000c4100000, 0x00000000c4200000|  0%| F|  |TAMS 0x00000000c4100000, 0x00000000c4100000| Untracked 
|  46|0x00000000c4200000, 0x00000000c4200000, 0x00000000c4300000|  0%| F|  |TAMS 0x00000000c4200000, 0x00000000c4200000| Untracked 
|  47|0x00000000c4300000, 0x00000000c4300000, 0x00000000c4400000|  0%| F|  |TAMS 0x00000000c4300000, 0x00000000c4300000| Untracked 
|  48|0x00000000c4400000, 0x00000000c4400000, 0x00000000c4500000|  0%| F|  |TAMS 0x00000000c4400000, 0x00000000c4400000| Untracked 
|  49|0x00000000c4500000, 0x00000000c452f900, 0x00000000c4600000| 18%| E|  |TAMS 0x00000000c4500000, 0x00000000c4500000| Complete 
|  50|0x00000000c4600000, 0x00000000c4700000, 0x00000000c4700000|100%| E|CS|TAMS 0x00000000c4600000, 0x00000000c4600000| Complete 
|  51|0x00000000c4700000, 0x00000000c4800000, 0x00000000c4800000|100%| E|CS|TAMS 0x00000000c4700000, 0x00000000c4700000| Complete 
|  52|0x00000000c4800000, 0x00000000c4900000, 0x00000000c4900000|100%| E|CS|TAMS 0x00000000c4800000, 0x00000000c4800000| Complete 
|  53|0x00000000c4900000, 0x00000000c4a00000, 0x00000000c4a00000|100%| E|CS|TAMS 0x00000000c4900000, 0x00000000c4900000| Complete 
|  54|0x00000000c4a00000, 0x00000000c4b00000, 0x00000000c4b00000|100%| E|CS|TAMS 0x00000000c4a00000, 0x00000000c4a00000| Complete 
|  55|0x00000000c4b00000, 0x00000000c4c00000, 0x00000000c4c00000|100%| E|CS|TAMS 0x00000000c4b00000, 0x00000000c4b00000| Complete 
|  56|0x00000000c4c00000, 0x00000000c4d00000, 0x00000000c4d00000|100%| E|CS|TAMS 0x00000000c4c00000, 0x00000000c4c00000| Complete 
|  57|0x00000000c4d00000, 0x00000000c4e00000, 0x00000000c4e00000|100%| E|CS|TAMS 0x00000000c4d00000, 0x00000000c4d00000| Complete 
|  58|0x00000000c4e00000, 0x00000000c4f00000, 0x00000000c4f00000|100%| E|CS|TAMS 0x00000000c4e00000, 0x00000000c4e00000| Complete 
|  59|0x00000000c4f00000, 0x00000000c5000000, 0x00000000c5000000|100%| E|CS|TAMS 0x00000000c4f00000, 0x00000000c4f00000| Complete 
|  60|0x00000000c5000000, 0x00000000c5100000, 0x00000000c5100000|100%| E|CS|TAMS 0x00000000c5000000, 0x00000000c5000000| Complete 
|  61|0x00000000c5100000, 0x00000000c5200000, 0x00000000c5200000|100%| E|CS|TAMS 0x00000000c5100000, 0x00000000c5100000| Complete 
|  62|0x00000000c5200000, 0x00000000c5300000, 0x00000000c5300000|100%| E|CS|TAMS 0x00000000c5200000, 0x00000000c5200000| Complete 
|  63|0x00000000c5300000, 0x00000000c5400000, 0x00000000c5400000|100%| E|CS|TAMS 0x00000000c5300000, 0x00000000c5300000| Complete 

Card table byte_map: [0x000001cc7a4d0000,0x000001cc7a6d0000] _byte_map_base: 0x000001cc79ec6000

Marking Bits (Prev, Next): (CMBitMap*) 0x000001cc63753d50, (CMBitMap*) 0x000001cc63753d90
 Prev Bits: [0x000001cc7a8d0000, 0x000001cc7b880000)
 Next Bits: [0x000001cc7b880000, 0x000001cc7c830000)

Polling page: 0x000001cc62ed0000

Metaspace:

Usage:
  Non-class:     13.02 MB used.
      Class:      1.79 MB used.
       Both:     14.81 MB used.

Virtual space:
  Non-class space:       64.00 MB reserved,      13.19 MB ( 21%) committed,  1 nodes.
      Class space:        1.00 GB reserved,       2.00 MB ( <1%) committed,  1 nodes.
             Both:        1.06 GB reserved,      15.19 MB (  1%) committed. 

Chunk freelists:
   Non-Class:  2.42 MB
       Class:  1.99 MB
        Both:  4.41 MB

MaxMetaspaceSize: unlimited
CompressedClassSpaceSize: 1.00 GB
Initial GC threshold: 21.00 MB
Current GC threshold: 21.00 MB
CDS: on
MetaspaceReclaimPolicy: balanced
 - commit_granule_bytes: 65536.
 - commit_granule_words: 8192.
 - virtual_space_node_default_size: 8388608.
 - enlarge_chunks_in_place: 1.
 - new_chunks_are_fully_committed: 0.
 - uncommit_free_chunks: 1.
 - use_allocation_guard: 0.


Internal statistics:

num_allocs_failed_limit: 0.
num_arena_births: 372.
num_arena_deaths: 0.
num_vsnodes_births: 2.
num_vsnodes_deaths: 0.
num_space_committed: 243.
num_space_uncommitted: 0.
num_chunks_returned_to_freelist: 0.
num_chunks_taken_from_freelist: 862.
num_chunk_merges: 0.
num_chunk_splits: 596.
num_chunks_enlarged: 442.
num_inconsistent_stats: 0.

CodeHeap 'non-profiled nmethods': size=120000Kb used=778Kb max_used=778Kb free=119222Kb
 bounds [0x000001cc72da0000, 0x000001cc73010000, 0x000001cc7a2d0000]
CodeHeap 'profiled nmethods': size=120000Kb used=3928Kb max_used=3928Kb free=116071Kb
 bounds [0x000001cc6b870000, 0x000001cc6bc50000, 0x000001cc72da0000]
CodeHeap 'non-nmethods': size=5760Kb used=1200Kb max_used=1242Kb free=4559Kb
 bounds [0x000001cc6b2d0000, 0x000001cc6b540000, 0x000001cc6b870000]
 total_blobs=2604 nmethods=2119 adapters=397
 compilation: enabled
              stopped_count=0, restarted_count=0
 full_count=0

Compilation events (20 events):
Event: 4.993 Thread 0x000001cc637cb940 2114       3       jdk.internal.org.objectweb.asm.MethodVisitor::visitMethodInsn (80 bytes)
Event: 4.993 Thread 0x000001cc637cb940 nmethod 2114 0x000001cc6bc3f990 code [0x000001cc6bc3fb60, 0x000001cc6bc40048]
Event: 4.993 Thread 0x000001cc637cb940 2115       3       jdk.internal.org.objectweb.asm.MethodVisitor::visitEnd (15 bytes)
Event: 4.994 Thread 0x000001cc7fa34540 nmethod 2111 0x000001cc72e60510 code [0x000001cc72e606a0, 0x000001cc72e60888]
Event: 4.994 Thread 0x000001cc637cb940 nmethod 2115 0x000001cc6bc40190 code [0x000001cc6bc40340, 0x000001cc6bc40548]
Event: 4.994 Thread 0x000001cc637cb940 2113       3       java.lang.invoke.MethodHandles$Lookup::getDirectMethodNoSecurityManager (18 bytes)
Event: 4.994 Thread 0x000001cc637cb940 nmethod 2113 0x000001cc6bc40610 code [0x000001cc6bc407a0, 0x000001cc6bc408e8]
Event: 5.001 Thread 0x000001cc637cb940 2116       3       java.lang.invoke.InnerClassLambdaMetafactory$ForwardingMethodGenerator::generate (272 bytes)
Event: 5.004 Thread 0x000001cc637cb940 nmethod 2116 0x000001cc6bc40990 code [0x000001cc6bc40d20, 0x000001cc6bc429a8]
Event: 5.004 Thread 0x000001cc637cb940 2117       3       java.lang.invoke.InnerClassLambdaMetafactory$ForwardingMethodGenerator::convertArgumentTypes (96 bytes)
Event: 5.006 Thread 0x000001cc637cb940 nmethod 2117 0x000001cc6bc43210 code [0x000001cc6bc43460, 0x000001cc6bc43ed8]
Event: 5.006 Thread 0x000001cc637cb940 2118       3       java.lang.invoke.InnerClassLambdaMetafactory$ForwardingMethodGenerator::invocationOpcode (104 bytes)
Event: 5.007 Thread 0x000001cc637cb940 nmethod 2118 0x000001cc6bc44410 code [0x000001cc6bc44660, 0x000001cc6bc44e98]
Event: 5.007 Thread 0x000001cc637cb940 2119       3       java.lang.invoke.InnerClassLambdaMetafactory::getReturnOpcode (20 bytes)
Event: 5.007 Thread 0x000001cc637cb940 nmethod 2119 0x000001cc6bc45190 code [0x000001cc6bc45340, 0x000001cc6bc454c8]
Event: 5.007 Thread 0x000001cc637cb940 2120       3       java.lang.invoke.MethodHandles$Lookup::ensureDefineClassPermission (38 bytes)
Event: 5.008 Thread 0x000001cc637cb940 nmethod 2120 0x000001cc6bc45590 code [0x000001cc6bc45740, 0x000001cc6bc45a98]
Event: 5.008 Thread 0x000001cc637cb940 2121       3       java.lang.invoke.MethodHandles$Lookup::makeHiddenClassDefiner (22 bytes)
Event: 5.008 Thread 0x000001cc637cb940 nmethod 2121 0x000001cc6bc45b90 code [0x000001cc6bc45d40, 0x000001cc6bc45f28]
Event: 5.008 Thread 0x000001cc637c8f50 2122   !   4       java.util.concurrent.ConcurrentHashMap::putVal (432 bytes)

GC Heap History (6 events):
Event: 1.914 GC heap before
{Heap before GC invocations=0 (full 0):
 garbage-first heap   total 65536K, used 14336K [0x00000000c1400000, 0x0000000100000000)
  region size 1024K, 13 young (13312K), 0 survivors (0K)
 Metaspace       used 3357K, committed 3520K, reserved 1114112K
  class space    used 345K, committed 448K, reserved 1048576K
}
Event: 1.937 GC heap after
{Heap after GC invocations=1 (full 0):
 garbage-first heap   total 65536K, used 6896K [0x00000000c1400000, 0x0000000100000000)
  region size 1024K, 2 young (2048K), 2 survivors (2048K)
 Metaspace       used 3357K, committed 3520K, reserved 1114112K
  class space    used 345K, committed 448K, reserved 1048576K
}
Event: 2.908 GC heap before
{Heap before GC invocations=1 (full 0):
 garbage-first heap   total 65536K, used 18160K [0x00000000c1400000, 0x0000000100000000)
  region size 1024K, 13 young (13312K), 2 survivors (2048K)
 Metaspace       used 6284K, committed 6464K, reserved 1114112K
  class space    used 711K, committed 832K, reserved 1048576K
}
Event: 2.912 GC heap after
{Heap after GC invocations=2 (full 0):
 garbage-first heap   total 65536K, used 7653K [0x00000000c1400000, 0x0000000100000000)
  region size 1024K, 1 young (1024K), 1 survivors (1024K)
 Metaspace       used 6284K, committed 6464K, reserved 1114112K
  class space    used 711K, committed 832K, reserved 1048576K
}
Event: 4.515 GC heap before
{Heap before GC invocations=2 (full 0):
 garbage-first heap   total 65536K, used 29157K [0x00000000c1400000, 0x0000000100000000)
  region size 1024K, 22 young (22528K), 1 survivors (1024K)
 Metaspace       used 11495K, committed 11840K, reserved 1114112K
  class space    used 1391K, committed 1536K, reserved 1048576K
}
Event: 4.524 GC heap after
{Heap after GC invocations=3 (full 0):
 garbage-first heap   total 65536K, used 9556K [0x00000000c1400000, 0x0000000100000000)
  region size 1024K, 3 young (3072K), 3 survivors (3072K)
 Metaspace       used 11495K, committed 11840K, reserved 1114112K
  class space    used 1391K, committed 1536K, reserved 1048576K
}

Deoptimization events (20 events):
Event: 4.774 Thread 0x000001cc0428d5b0 Uncommon trap: trap_request=0xffffffde fr.pc=0x000001cc72e5a048 relative=0x0000000000000128
Event: 4.774 Thread 0x000001cc0428d5b0 Uncommon trap: reason=class_check action=maybe_recompile pc=0x000001cc72e5a048 method=jdk.internal.misc.Unsafe.allocateUninitializedArray(Ljava/lang/Class;I)Ljava/lang/Object; @ 51 c2
Event: 4.774 Thread 0x000001cc0428d5b0 DEOPT PACKING pc=0x000001cc72e5a048 sp=0x000000c36b5fcc80
Event: 4.774 Thread 0x000001cc0428d5b0 DEOPT UNPACKING pc=0x000001cc6b3223a3 sp=0x000000c36b5fcc08 mode 2
Event: 4.775 Thread 0x000001cc0428d5b0 Uncommon trap: trap_request=0xffffffde fr.pc=0x000001cc72e5a048 relative=0x0000000000000128
Event: 4.775 Thread 0x000001cc0428d5b0 Uncommon trap: reason=class_check action=maybe_recompile pc=0x000001cc72e5a048 method=jdk.internal.misc.Unsafe.allocateUninitializedArray(Ljava/lang/Class;I)Ljava/lang/Object; @ 51 c2
Event: 4.775 Thread 0x000001cc0428d5b0 DEOPT PACKING pc=0x000001cc72e5a048 sp=0x000000c36b5fc6a0
Event: 4.775 Thread 0x000001cc0428d5b0 DEOPT UNPACKING pc=0x000001cc6b3223a3 sp=0x000000c36b5fc628 mode 2
Event: 4.775 Thread 0x000001cc0428d5b0 Uncommon trap: trap_request=0xffffffde fr.pc=0x000001cc72e5a048 relative=0x0000000000000128
Event: 4.775 Thread 0x000001cc0428d5b0 Uncommon trap: reason=class_check action=maybe_recompile pc=0x000001cc72e5a048 method=jdk.internal.misc.Unsafe.allocateUninitializedArray(Ljava/lang/Class;I)Ljava/lang/Object; @ 51 c2
Event: 4.775 Thread 0x000001cc0428d5b0 DEOPT PACKING pc=0x000001cc72e5a048 sp=0x000000c36b5fc880
Event: 4.775 Thread 0x000001cc0428d5b0 DEOPT UNPACKING pc=0x000001cc6b3223a3 sp=0x000000c36b5fc808 mode 2
Event: 4.776 Thread 0x000001cc0428d5b0 Uncommon trap: trap_request=0xffffffde fr.pc=0x000001cc72e5a048 relative=0x0000000000000128
Event: 4.776 Thread 0x000001cc0428d5b0 Uncommon trap: reason=class_check action=maybe_recompile pc=0x000001cc72e5a048 method=jdk.internal.misc.Unsafe.allocateUninitializedArray(Ljava/lang/Class;I)Ljava/lang/Object; @ 51 c2
Event: 4.776 Thread 0x000001cc0428d5b0 DEOPT PACKING pc=0x000001cc72e5a048 sp=0x000000c36b5fa630
Event: 4.776 Thread 0x000001cc0428d5b0 DEOPT UNPACKING pc=0x000001cc6b3223a3 sp=0x000000c36b5fa5b8 mode 2
Event: 4.898 Thread 0x000001cc7f417a10 Uncommon trap: trap_request=0xffffff45 fr.pc=0x000001cc72e5a4e4 relative=0x00000000000000c4
Event: 4.898 Thread 0x000001cc7f417a10 Uncommon trap: reason=unstable_if action=reinterpret pc=0x000001cc72e5a4e4 method=org.springframework.util.ObjectUtils.nullSafeEquals(Ljava/lang/Object;Ljava/lang/Object;)Z @ 8 c2
Event: 4.898 Thread 0x000001cc7f417a10 DEOPT PACKING pc=0x000001cc72e5a4e4 sp=0x000000c36b4fe010
Event: 4.898 Thread 0x000001cc7f417a10 DEOPT UNPACKING pc=0x000001cc6b3223a3 sp=0x000000c36b4fdfc0 mode 2

Classes loaded (20 events):
Event: 4.784 Loading class java/io/CharArrayReader
Event: 4.784 Loading class java/io/CharArrayReader done
Event: 4.957 Loading class java/util/concurrent/ExecutionException
Event: 4.957 Loading class java/util/concurrent/ExecutionException done
Event: 4.963 Loading class java/beans/IntrospectionException
Event: 4.963 Loading class java/beans/IntrospectionException done
Event: 4.963 Loading class java/beans/PropertyDescriptor
Event: 4.964 Loading class java/beans/PropertyDescriptor done
Event: 4.968 Loading class java/beans/BeanInfo
Event: 4.968 Loading class java/beans/BeanInfo done
Event: 4.974 Loading class java/beans/MethodRef
Event: 4.974 Loading class java/beans/MethodRef done
Event: 4.975 Loading class java/beans/SimpleBeanInfo
Event: 4.975 Loading class java/beans/SimpleBeanInfo done
Event: 4.976 Loading class com/sun/beans/TypeResolver
Event: 4.976 Loading class com/sun/beans/TypeResolver done
Event: 4.976 Loading class com/sun/beans/WeakCache
Event: 4.976 Loading class com/sun/beans/WeakCache done
Event: 4.977 Loading class com/sun/beans/WildcardTypeImpl
Event: 4.977 Loading class com/sun/beans/WildcardTypeImpl done

Classes unloaded (0 events):
No events

Classes redefined (0 events):
No events

Internal exceptions (20 events):
Event: 3.510 Thread 0x000001cc7f417a10 Exception <a 'java/lang/NoSuchMethodError'{0x00000000c4ed7fb8}: 'int java.lang.invoke.DirectMethodHandle$Holder.invokeStatic(java.lang.Object, long)'> (0x00000000c4ed7fb8) 
thrown [s\src\hotspot\share\interpreter\linkResolver.cpp, line 759]
Event: 3.547 Thread 0x000001cc7f417a10 Exception <a 'java/lang/NoSuchMethodError'{0x00000000c4efeea8}: 'int java.lang.invoke.Invokers$Holder.linkToTargetMethod(java.lang.Object, java.lang.Object)'> (0x00000000c4efeea8) 
thrown [s\src\hotspot\share\interpreter\linkResolver.cpp, line 759]
Event: 3.600 Thread 0x000001cc7f417a10 Exception <a 'java/lang/NoSuchMethodError'{0x00000000c4d7cb10}: 'java.lang.Object java.lang.invoke.DirectMethodHandle$Holder.invokeSpecial(java.lang.Object, java.lang.Object, java.lang.Object, int, java.lang.Object)'> (0x00000000c4d7cb10) 
thrown [s\src\hotspot\share\interpreter\linkResolver.cpp, line 759]
Event: 3.601 Thread 0x000001cc7f417a10 Exception <a 'java/lang/NoSuchMethodError'{0x00000000c4d852c8}: 'java.lang.Object java.lang.invoke.DirectMethodHandle$Holder.newInvokeSpecial(java.lang.Object, java.lang.Object, java.lang.Object, int, java.lang.Object)'> (0x00000000c4d852c8) 
thrown [s\src\hotspot\share\interpreter\linkResolver.cpp, line 759]
Event: 3.603 Thread 0x000001cc7f417a10 Exception <a 'java/lang/NoSuchMethodError'{0x00000000c4d8cca8}: 'java.lang.Object java.lang.invoke.Invokers$Holder.linkToTargetMethod(java.lang.Object, java.lang.Object, int, java.lang.Object, java.lang.Object)'> (0x00000000c4d8cca8) 
thrown [s\src\hotspot\share\interpreter\linkResolver.cpp, line 759]
Event: 3.607 Thread 0x000001cc7f417a10 Exception <a 'java/lang/NoSuchMethodError'{0x00000000c4d9c5a0}: 'java.lang.Object java.lang.invoke.DirectMethodHandle$Holder.newInvokeSpecial(java.lang.Object, int, java.lang.Object)'> (0x00000000c4d9c5a0) 
thrown [s\src\hotspot\share\interpreter\linkResolver.cpp, line 759]
Event: 3.609 Thread 0x000001cc7f417a10 Exception <a 'java/lang/NoSuchMethodError'{0x00000000c4da1080}: 'int java.lang.invoke.DirectMethodHandle$Holder.invokeSpecialIFC(java.lang.Object, java.lang.Object, java.lang.Object, java.lang.Object)'> (0x00000000c4da1080) 
thrown [s\src\hotspot\share\interpreter\linkResolver.cpp, line 759]
Event: 3.757 Thread 0x000001cc7f417a10 Exception <a 'java/lang/NoSuchMethodError'{0x00000000c4b435d0}: 'void java.lang.invoke.DirectMethodHandle$Holder.invokeInterface(java.lang.Object, java.lang.Object, java.lang.Object)'> (0x00000000c4b435d0) 
thrown [s\src\hotspot\share\interpreter\linkResolver.cpp, line 759]
Event: 3.779 Thread 0x000001cc7f417a10 Exception <a 'java/lang/NoSuchMethodError'{0x00000000c4ba7ed0}: 'void java.lang.invoke.DirectMethodHandle$Holder.invokeStatic(java.lang.Object, java.lang.Object, int)'> (0x00000000c4ba7ed0) 
thrown [s\src\hotspot\share\interpreter\linkResolver.cpp, line 759]
Event: 3.890 Thread 0x000001cc7f417a10 Exception <a 'java/lang/NoSuchMethodError'{0x00000000c4a5edd0}: 'void java.lang.invoke.DirectMethodHandle$Holder.invokeStaticInit(java.lang.Object, java.lang.Object, java.lang.Object)'> (0x00000000c4a5edd0) 
thrown [s\src\hotspot\share\interpreter\linkResolver.cpp, line 759]
Event: 3.918 Thread 0x000001cc7f417a10 Exception <a 'java/lang/NoSuchMethodError'{0x00000000c4aa9368}: 'java.lang.Object java.lang.invoke.DirectMethodHandle$Holder.invokeVirtual(java.lang.Object, java.lang.Object, java.lang.Object)'> (0x00000000c4aa9368) 
thrown [s\src\hotspot\share\interpreter\linkResolver.cpp, line 759]
Event: 3.993 Thread 0x000001cc7f417a10 Exception <a 'java/lang/NoSuchMethodError'{0x00000000c495d290}: 'java.lang.Object java.lang.invoke.DirectMethodHandle$Holder.newInvokeSpecial(java.lang.Object, long)'> (0x00000000c495d290) 
thrown [s\src\hotspot\share\interpreter\linkResolver.cpp, line 759]
Event: 3.996 Thread 0x000001cc7f417a10 Exception <a 'java/lang/NoSuchMethodError'{0x00000000c4964b40}: 'void java.lang.invoke.DirectMethodHandle$Holder.invokeVirtual(java.lang.Object, java.lang.Object, java.lang.Object, java.lang.Object)'> (0x00000000c4964b40) 
thrown [s\src\hotspot\share\interpreter\linkResolver.cpp, line 759]
Event: 4.087 Thread 0x000001cc7f417a10 Exception <a 'java/lang/NoSuchMethodError'{0x00000000c4715bd0}: 'java.lang.Object java.lang.invoke.DirectMethodHandle$Holder.invokeSpecial(java.lang.Object, java.lang.Object, long, java.lang.Object, java.lang.Object, java.lang.Object, java.lang.Object, java.lang.Object, java.lang.Object)'> (0x00000000c4715bd0) 
thrown [s\src\hotspot\share\interpreter\linkResolver.cpp, line 759]
Event: 4.089 Thread 0x000001cc7f417a10 Exception <a 'java/lang/NoSuchMethodError'{0x00000000c471a6a8}: 'java.lang.Object java.lang.invoke.DelegatingMethodHandle$Holder.reinvoke_L(java.lang.Object, long, java.lang.Object, java.lang.Object, java.lang.Object, java.lang.Object, java.lang.Object, java.lang.Object)'> (0x00000000c471a6a8) 
thrown [s\src\hotspot\share\interpreter\linkResolver.cpp, line 759]
Event: 4.280 Thread 0x000001cc7f417a10 Exception <a 'java/lang/NoSuchMethodError'{0x00000000c45c6b90}: 'java.lang.Object java.lang.invoke.DirectMethodHandle$Holder.invokeSpecial(java.lang.Object, java.lang.Object, java.lang.Object, java.lang.Object, java.lang.Object, java.lang.Object, java.lang.Object, java.lang.Object, java.lang.Object)'> (0x00000000c45c6b90) 
thrown [s\src\hotspot\share\interpreter\linkResolver.cpp, line 759]
Event: 4.281 Thread 0x000001cc7f417a10 Exception <a 'java/lang/NoSuchMethodError'{0x00000000c45eebc8}: 'java.lang.Object java.lang.invoke.Invokers$Holder.invoke_MT(java.lang.Object, java.lang.Object, java.lang.Object, java.lang.Object, java.lang.Object, java.lang.Object, java.lang.Object, java.lang.Object, java.lang.Object)'> (0x00000000c45eebc8) 
thrown [s\src\hotspot\share\interpreter\linkResolver.cpp, line 759]
Event: 4.296 Thread 0x000001cc7f417a10 Exception <a 'java/lang/NoSuchMethodError'{0x00000000c4467720}: 'java.lang.reflect.Field[] java.lang.Class.getDeclaredFields(java.lang.Class)'> (0x00000000c4467720) 
thrown [s\src\hotspot\share\interpreter\linkResolver.cpp, line 759]
Event: 4.327 Thread 0x000001cc7f417a10 Exception <a 'java/lang/IncompatibleClassChangeError'{0x00000000c4322098}: Found class java.lang.Object, but interface was expected> (0x00000000c4322098) 
thrown [s\src\hotspot\share\interpreter\linkResolver.cpp, line 826]
Event: 4.898 Thread 0x000001cc7f417a10 Implicit null exception at 0x000001cc72e5a438 to 0x000001cc72e5a4ce

VM Operations (20 events):
Event: 2.908 Executing VM operation: G1CollectForAllocation
Event: 2.912 Executing VM operation: G1CollectForAllocation done
Event: 3.479 Executing VM operation: HandshakeAllThreads
Event: 3.479 Executing VM operation: HandshakeAllThreads done
Event: 3.706 Executing VM operation: HandshakeAllThreads
Event: 3.706 Executing VM operation: HandshakeAllThreads done
Event: 4.007 Executing VM operation: ICBufferFull
Event: 4.007 Executing VM operation: ICBufferFull done
Event: 4.226 Executing VM operation: HandshakeAllThreads
Event: 4.226 Executing VM operation: HandshakeAllThreads done
Event: 4.226 Executing VM operation: HandshakeAllThreads
Event: 4.226 Executing VM operation: HandshakeAllThreads done
Event: 4.515 Executing VM operation: G1CollectForAllocation
Event: 4.524 Executing VM operation: G1CollectForAllocation done
Event: 4.765 Executing VM operation: HandshakeAllThreads
Event: 4.765 Executing VM operation: HandshakeAllThreads done
Event: 4.900 Executing VM operation: HandshakeAllThreads
Event: 4.900 Executing VM operation: HandshakeAllThreads done
Event: 5.003 Executing VM operation: HandshakeAllThreads
Event: 5.003 Executing VM operation: HandshakeAllThreads done

Events (20 events):
Event: 0.075 Thread 0x000001cc637c8280 Thread added: 0x000001cc637c8280
Event: 0.076 Thread 0x000001cc637c8f50 Thread added: 0x000001cc637c8f50
Event: 0.078 Thread 0x000001cc637cb940 Thread added: 0x000001cc637cb940
Event: 0.080 Thread 0x000001cc7eccfec0 Thread added: 0x000001cc7eccfec0
Event: 0.412 Thread 0x000001cc7ee883a0 Thread added: 0x000001cc7ee883a0
Event: 0.643 Loaded shared library C:\Users\ERIN_JAVALead\.jdks\corretto-18.0.2\bin\zip.dll
Event: 0.654 Loaded shared library C:\Users\ERIN_JAVALead\.jdks\corretto-18.0.2\bin\instrument.dll
Event: 0.669 Loaded shared library C:\Users\ERIN_JAVALead\.jdks\corretto-18.0.2\bin\net.dll
Event: 0.673 Loaded shared library C:\Users\ERIN_JAVALead\.jdks\corretto-18.0.2\bin\nio.dll
Event: 0.680 Loaded shared library C:\Users\ERIN_JAVALead\.jdks\corretto-18.0.2\bin\zip.dll
Event: 1.105 Loaded shared library C:\Program Files\JetBrains\IntelliJ IDEA Community Edition 2021.3.3\bin\breakgen64.dll
Event: 1.106 Thread 0x000001cc7f0847a0 Thread added: 0x000001cc7f0847a0
Event: 1.106 Thread 0x000001cc7f084c60 Thread added: 0x000001cc7f084c60
Event: 1.276 Loaded shared library C:\Users\ERIN_JAVALead\.jdks\corretto-18.0.2\bin\jimage.dll
Event: 2.118 Loaded shared library C:\Users\ERIN_JAVALead\.jdks\corretto-18.0.2\bin\management.dll
Event: 2.132 Loaded shared library C:\Users\ERIN_JAVALead\.jdks\corretto-18.0.2\bin\management_ext.dll
Event: 2.435 Thread 0x000001cc7f4a37c0 Thread added: 0x000001cc7f4a37c0
Event: 2.458 Thread 0x000001cc7f417a10 Thread added: 0x000001cc7f417a10
Event: 3.770 Thread 0x000001cc7fa34540 Thread added: 0x000001cc7fa34540
Event: 4.275 Thread 0x000001cc0428d5b0 Thread added: 0x000001cc0428d5b0


Dynamic libraries:
0x00007ff706e20000 - 0x00007ff706e2d000 	C:\Users\ERIN_JAVALead\.jdks\corretto-18.0.2\bin\java.exe
0x00007ffebbbd0000 - 0x00007ffebbdc8000 	C:\WINDOWS\SYSTEM32\ntdll.dll
0x00007ffeba3c0000 - 0x00007ffeba482000 	C:\WINDOWS\System32\KERNEL32.DLL
0x00007ffeb96c0000 - 0x00007ffeb99b6000 	C:\WINDOWS\System32\KERNELBASE.dll
0x00007ffeb9b00000 - 0x00007ffeb9c00000 	C:\WINDOWS\System32\ucrtbase.dll
0x00007ffe9b140000 - 0x00007ffe9b155000 	C:\Users\ERIN_JAVALead\.jdks\corretto-18.0.2\bin\VCRUNTIME140.dll
0x00007ffe99f30000 - 0x00007ffe99f47000 	C:\Users\ERIN_JAVALead\.jdks\corretto-18.0.2\bin\jli.dll
0x00007ffeba5d0000 - 0x00007ffeba76d000 	C:\WINDOWS\System32\USER32.dll
0x00007ffea9660000 - 0x00007ffea98fa000 	C:\WINDOWS\WinSxS\amd64_microsoft.windows.common-controls_6595b64144ccf1df_6.0.19041.5794_none_60bcd33171f2783c\COMCTL32.dll
0x00007ffeb9690000 - 0x00007ffeb96b2000 	C:\WINDOWS\System32\win32u.dll
0x00007ffebb350000 - 0x00007ffebb3ee000 	C:\WINDOWS\System32\msvcrt.dll
0x00007ffeba490000 - 0x00007ffeba4bb000 	C:\WINDOWS\System32\GDI32.dll
0x00007ffeb9270000 - 0x00007ffeb938a000 	C:\WINDOWS\System32\gdi32full.dll
0x00007ffeb95a0000 - 0x00007ffeb963d000 	C:\WINDOWS\System32\msvcp_win.dll
0x00007ffeb9e20000 - 0x00007ffeb9e4f000 	C:\WINDOWS\System32\IMM32.DLL
0x00007ffe8f8b0000 - 0x00007ffe8f94b000 	C:\Users\ERIN_JAVALead\.jdks\corretto-18.0.2\bin\msvcp140.dll
0x00007ffe7cde0000 - 0x00007ffe7da51000 	C:\Users\ERIN_JAVALead\.jdks\corretto-18.0.2\bin\server\jvm.dll
0x00007ffebb240000 - 0x00007ffebb2ef000 	C:\WINDOWS\System32\ADVAPI32.dll
0x00007ffeba530000 - 0x00007ffeba5cf000 	C:\WINDOWS\System32\sechost.dll
0x00007ffeb9fa0000 - 0x00007ffeba0c3000 	C:\WINDOWS\System32\RPCRT4.dll
0x00007ffeb9390000 - 0x00007ffeb93b7000 	C:\WINDOWS\System32\bcrypt.dll
0x00007ffebb8e0000 - 0x00007ffebb8e8000 	C:\WINDOWS\System32\PSAPI.DLL
0x00007ffe9d780000 - 0x00007ffe9d789000 	C:\WINDOWS\SYSTEM32\WSOCK32.dll
0x00007ffeb3700000 - 0x00007ffeb370a000 	C:\WINDOWS\SYSTEM32\VERSION.dll
0x00007ffe95a10000 - 0x00007ffe95a37000 	C:\WINDOWS\SYSTEM32\WINMM.dll
0x00007ffeb9f20000 - 0x00007ffeb9f8b000 	C:\WINDOWS\System32\WS2_32.dll
0x00007ffeb70b0000 - 0x00007ffeb70c2000 	C:\WINDOWS\SYSTEM32\kernel.appcore.dll
0x00007ffe9bae0000 - 0x00007ffe9baea000 	C:\Users\ERIN_JAVALead\.jdks\corretto-18.0.2\bin\jimage.dll
0x00007ffea9090000 - 0x00007ffea9291000 	C:\WINDOWS\SYSTEM32\DBGHELP.DLL
0x00007ffe9b460000 - 0x00007ffe9b494000 	C:\WINDOWS\SYSTEM32\dbgcore.DLL
0x00007ffeb99c0000 - 0x00007ffeb9a42000 	C:\WINDOWS\System32\bcryptPrimitives.dll
0x00007ffe9b950000 - 0x00007ffe9b95e000 	C:\Users\ERIN_JAVALead\.jdks\corretto-18.0.2\bin\instrument.dll
0x00007ffe98030000 - 0x00007ffe98055000 	C:\Users\ERIN_JAVALead\.jdks\corretto-18.0.2\bin\java.dll
0x00007ffe8ea80000 - 0x00007ffe8eb56000 	C:\Users\ERIN_JAVALead\.jdks\corretto-18.0.2\bin\jsvml.dll
0x00007ffebaad0000 - 0x00007ffebb23e000 	C:\WINDOWS\System32\SHELL32.dll
0x00007ffeb72b0000 - 0x00007ffeb7a53000 	C:\WINDOWS\SYSTEM32\windows.storage.dll
0x00007ffeba770000 - 0x00007ffebaac3000 	C:\WINDOWS\System32\combase.dll
0x00007ffeb8af0000 - 0x00007ffeb8b1b000 	C:\WINDOWS\SYSTEM32\Wldp.dll
0x00007ffeb9e50000 - 0x00007ffeb9f1d000 	C:\WINDOWS\System32\OLEAUT32.dll
0x00007ffeb9c00000 - 0x00007ffeb9cad000 	C:\WINDOWS\System32\SHCORE.dll
0x00007ffebba20000 - 0x00007ffebba75000 	C:\WINDOWS\System32\shlwapi.dll
0x00007ffeb91a0000 - 0x00007ffeb91c5000 	C:\WINDOWS\SYSTEM32\profapi.dll
0x00007ffe99200000 - 0x00007ffe99218000 	C:\Users\ERIN_JAVALead\.jdks\corretto-18.0.2\bin\zip.dll
0x00007ffe99f10000 - 0x00007ffe99f23000 	C:\Users\ERIN_JAVALead\.jdks\corretto-18.0.2\bin\net.dll
0x00007ffeb2b40000 - 0x00007ffeb2c4a000 	C:\WINDOWS\SYSTEM32\WINHTTP.dll
0x00007ffeb88d0000 - 0x00007ffeb893c000 	C:\WINDOWS\system32\mswsock.dll
0x00007ffe992c0000 - 0x00007ffe992d5000 	C:\Users\ERIN_JAVALead\.jdks\corretto-18.0.2\bin\nio.dll
0x00007ffe98e00000 - 0x00007ffe98e1a000 	C:\Program Files\JetBrains\IntelliJ IDEA Community Edition 2021.3.3\bin\breakgen64.dll
0x00007ffe9b4e0000 - 0x00007ffe9b4e9000 	C:\Users\ERIN_JAVALead\.jdks\corretto-18.0.2\bin\management.dll
0x00007ffe98dd0000 - 0x00007ffe98ddb000 	C:\Users\ERIN_JAVALead\.jdks\corretto-18.0.2\bin\management_ext.dll

dbghelp: loaded successfully - version: 4.0.5 - missing functions: none
symbol engine: initialized successfully - sym options: 0x614 - pdb path: .;C:\Users\ERIN_JAVALead\.jdks\corretto-18.0.2\bin;C:\WINDOWS\SYSTEM32;C:\WINDOWS\WinSxS\amd64_microsoft.windows.common-controls_6595b64144ccf1df_6.0.19041.5794_none_60bcd33171f2783c;C:\Users\ERIN_JAVALead\.jdks\corretto-18.0.2\bin\server;C:\Program Files\JetBrains\IntelliJ IDEA Community Edition 2021.3.3\bin

VM Arguments:
jvm_args: -javaagent:C:\Program Files\JetBrains\IntelliJ IDEA Community Edition 2021.3.3\lib\idea_rt.jar=60066:C:\Program Files\JetBrains\IntelliJ IDEA Community Edition 2021.3.3\bin -Dfile.encoding=UTF-8 
java_command: com.stc.rentalplatform.rentalplatform.RentalplatformApplication
java_class_path (initial): E:\rentalplatform\rentalplatform\target\classes;C:\Users\ERIN_JAVALead\.m2\repository\org\springframework\boot\spring-boot-starter-data-jpa\3.5.0\spring-boot-starter-data-jpa-3.5.0.jar;C:\Users\ERIN_JAVALead\.m2\repository\org\springframework\boot\spring-boot-starter\3.5.0\spring-boot-starter-3.5.0.jar;C:\Users\ERIN_JAVALead\.m2\repository\org\springframework\boot\spring-boot-starter-logging\3.5.0\spring-boot-starter-logging-3.5.0.jar;C:\Users\ERIN_JAVALead\.m2\repository\ch\qos\logback\logback-classic\1.5.18\logback-classic-1.5.18.jar;C:\Users\ERIN_JAVALead\.m2\repository\ch\qos\logback\logback-core\1.5.18\logback-core-1.5.18.jar;C:\Users\ERIN_JAVALead\.m2\repository\org\apache\logging\log4j\log4j-to-slf4j\2.24.3\log4j-to-slf4j-2.24.3.jar;C:\Users\ERIN_JAVALead\.m2\repository\org\apache\logging\log4j\log4j-api\2.24.3\log4j-api-2.24.3.jar;C:\Users\ERIN_JAVALead\.m2\repository\org\slf4j\jul-to-slf4j\2.0.17\jul-to-slf4j-2.0.17.jar;C:\Users\ERIN_JAVALead\.m2\repository\jakarta\annotation\jakarta.annotation-api\2.1.1\jakarta.annotation-api-2.1.1.jar;C:\Users\ERIN_JAVALead\.m2\repository\org\yaml\snakeyaml\2.4\snakeyaml-2.4.jar;C:\Users\ERIN_JAVALead\.m2\repository\org\springframework\boot\spring-boot-starter-jdbc\3.5.0\spring-boot-starter-jdbc-3.5.0.jar;C:\Users\ERIN_JAVALead\.m2\repository\com\zaxxer\HikariCP\6.3.0\HikariCP-6.3.0.jar;C:\Users\ERIN_JAVALead\.m2\repository\org\springframework\spring-jdbc\6.2.7\spring-jdbc-6.2.7.jar;C:\Users\ERIN_JAVALead\.m2\repository\org\hibernate\orm\hibernate-core\6.6.15.Final\hibernate-core-6.6.15.Final.jar;C:\Users\ERIN_JAVALead\.m2\repository\jakarta\persistence\jakarta.persistence-api\3.1.0\jakarta.persistence-api-3.1.0.jar;C:\Users\ERIN_JAVALead\.m2\repository\jakarta\transaction\jakarta.transaction-api\2.0.1\jakarta.transaction-api-2.0.1.jar;C:\Users\ERIN_JAVALead\.m2\repository\org\jboss\logging\jboss-logging\3.6.1.Final\jboss-logging-3.6.1.Final.jar;C:\Users\ERIN_JAVALead\.m2\repository\org\hibernate\common\hibernate-commons-annotations\7.0.3.Final\hibernate-commons-annotations-7.0.3.Final.jar;C:\Users\ERIN_JAVALead\.m2\repository\io\smallrye\jandex\3.2.0\jandex-3.2.0.jar;C:\Users\ERIN_JAVALead\.m2\repository\com\fasterxml\classmate\1.7.0\classmate-1.7.0.jar;C:\Users\ERIN_JAVALead\.m2\repository\net\bytebuddy\byte-buddy\1.17.5\byte-buddy-1.17.5.jar;C:\Users\ERIN_JAVALead\.m2\repository\org\glassfish\jaxb\jaxb-runtime\4.0.5\jaxb-runtime-4.0.5.jar;C:\Users\ERIN_JAVALead\.m2\repository\org\glassfish\jaxb\jaxb-core\4.0.5\jaxb-core-4.0.5.jar;C:\Users\ERIN_JAVALead\.m2\repository\org\eclipse\angus\angus-activation\2.0.2\angus-activation-2.0.2.jar;C:\Users\ERIN_JAVALead\.m2\repository\org\glassfish\jaxb\txw2\4.0.5\txw2-4.0.5.jar;C:\Users\ERIN_JAVALead\.m2\repository\com\sun\istack\istack-commons-runtime\4.1.2\istack-commons-runtime-4.1.2.jar;C:\Users\ERIN_JAVALead\.m2\repository\jakarta\inject\jakarta.inject-api\2.0.1\jakarta.inject-api-2.0.1.jar;C:\Users\ERIN_JAVALead\.m2\repository\org\antlr\antlr4-runtime\4.13.0\antlr4-runtime-4.13.0.jar;C:\Users\ERIN_JAVALead\.m2\repository\org\springframework\data\spring-data-jpa\3.5.0\spring-data-jpa-3.5.0.jar;C:\Users\ERIN_JAVALead\.m2\repository\org\springframework\data\spring-data-commons\3.5.0\spring-data-commons-3.5.0.jar;C:\Users\ERIN_JAVALead\.m2\repository\org\springframework\spring-orm\6.2.7\spring-orm-6.2.7.jar;C:\Users\ERIN_JAVALead\.m2\repository\org\springframework\spring-context\6.2.7\spring-context-6.2.7.jar;C:\Users\ERIN_JAVALead\.m2\repository\org\springframework\spring-aop\6.2.7\spring-aop-6.2.7.jar;C:\Users\ERIN_JAVALead\.m2\repository\org\springframework\spring-tx\6.2.7\spring-tx-6.2.7.jar;C:\Users\ERIN_JAVALead\.m2\repository\org\springframework\spring-beans\6.2.7\spring-beans-6.2.7.jar;C:\Users\ERIN_JAVALead\.m2\repository\org\slf4j\slf4j-api\2.0.17\slf4j-api-2.0.17.jar;C:\Users\ERIN_JAVALead\.m2\repository\org\springframework\spring-aspects\6.2.7\spring-aspects-6.2.7.jar;C:\Users\ERIN_JAVALead\.m2\repository\org\aspectj\aspectjweaver\1.9.24\aspectjweaver-1.9.24.jar;C:\Users\ERIN_JAVALead\.m2\repository\org\mapstruct\mapstruct\1.5.5.Final\mapstruct-1.5.5.Final.jar;C:\Users\ERIN_JAVALead\.m2\repository\jakarta\validation\jakarta.validation-api\3.0.2\jakarta.validation-api-3.0.2.jar;C:\Users\ERIN_JAVALead\.m2\repository\org\springframework\boot\spring-boot-devtools\3.5.0\spring-boot-devtools-3.5.0.jar;C:\Users\ERIN_JAVALead\.m2\repository\org\springframework\boot\spring-boot\3.5.0\spring-boot-3.5.0.jar;C:\Users\ERIN_JAVALead\.m2\repository\org\springframework\boot\spring-boot-autoconfigure\3.5.0\spring-boot-autoconfigure-3.5.0.jar;C:\Users\ERIN_JAVALead\.m2\repository\org\springframework\boot\spring-boot-starter-web\3.5.0\spring-boot-starter-web-3.5.0.jar;C:\Users\ERIN_JAVALead\.m2\repository\org\springframework\boot\spring-boot-starter-json\3.5.0\spring-boot-starter-json-3.5.0.jar;C:\Users\ERIN_JAVALead\.m2\repository\com\fasterxml\jackson\core\jackson-databind\2.19.0\jackson-databind-2.19.0.jar;C:\Users\ERIN_JAVALead\.m2\repository\com\fasterxml\jackson\core\jackson-annotations\2.19.0\jackson-annotations-2.19.0.jar;C:\Users\ERIN_JAVALead\.m2\repository\com\fasterxml\jackson\core\jackson-core\2.19.0\jackson-core-2.19.0.jar;C:\Users\ERIN_JAVALead\.m2\repository\com\fasterxml\jackson\datatype\jackson-datatype-jdk8\2.19.0\jackson-datatype-jdk8-2.19.0.jar;C:\Users\ERIN_JAVALead\.m2\repository\com\fasterxml\jackson\datatype\jackson-datatype-jsr310\2.19.0\jackson-datatype-jsr310-2.19.0.jar;C:\Users\ERIN_JAVALead\.m2\repository\com\fasterxml\jackson\module\jackson-module-parameter-names\2.19.0\jackson-module-parameter-names-2.19.0.jar;C:\Users\ERIN_JAVALead\.m2\repository\org\springframework\boot\spring-boot-starter-tomcat\3.5.0\spring-boot-starter-tomcat-3.5.0.jar;C:\Users\ERIN_JAVALead\.m2\repository\org\apache\tomcat\embed\tomcat-embed-core\10.1.41\tomcat-embed-core-10.1.41.jar;C:\Users\ERIN_JAVALead\.m2\repository\org\apache\tomcat\embed\tomcat-embed-el\10.1.41\tomcat-embed-el-10.1.41.jar;C:\Users\ERIN_JAVALead\.m2\repository\org\apache\tomcat\embed\tomcat-embed-websocket\10.1.41\tomcat-embed-websocket-10.1.41.jar;C:\Users\ERIN_JAVALead\.m2\repository\org\springframework\spring-web\6.2.7\spring-web-6.2.7.jar;C:\Users\ERIN_JAVALead\.m2\repository\io\micrometer\micrometer-observation\1.15.0\micrometer-observation-1.15.0.jar;C:\Users\ERIN_JAVALead\.m2\repository\io\micrometer\micrometer-commons\1.15.0\micrometer-commons-1.15.0.jar;C:\Users\ERIN_JAVALead\.m2\repository\org\springframework\spring-webmvc\6.2.7\spring-webmvc-6.2.7.jar;C:\Users\ERIN_JAVALead\.m2\repository\org\springframework\spring-expression\6.2.7\spring-expression-6.2.7.jar;C:\Users\ERIN_JAVALead\.m2\repository\org\postgresql\postgresql\42.7.5\postgresql-42.7.5.jar;C:\Users\ERIN_JAVALead\.m2\repository\org\checkerframework\checker-qual\3.48.3\checker-qual-3.48.3.jar;C:\Users\ERIN_JAVALead\.m2\repository\org\projectlombok\lombok\1.18.38\lombok-1.18.38.jar;C:\Users\ERIN_JAVALead\.m2\repository\jakarta\xml\bind\jakarta.xml.bind-api\4.0.2\jakarta.xml.bind-api-4.0.2.jar;C:\Users\ERIN_JAVALead\.m2\repository\jakarta\activation\jakarta.activation-api\2.1.3\jakarta.activation-api-2.1.3.jar;C:\Users\ERIN_JAVALead\.m2\repository\org\springframework\spring-core\6.2.7\spring-core-6.2.7.jar;C:\Users\ERIN_JAVALead\.m2\repository\org\springframework\spring-jcl\6.2.7\spring-jcl-6.2.7.jar
Launcher Type: SUN_STANDARD

[Global flags]
     intx CICompilerCount                          = 3                                         {product} {ergonomic}
     uint ConcGCThreads                            = 1                                         {product} {ergonomic}
     uint G1ConcRefinementThreads                  = 4                                         {product} {ergonomic}
   size_t G1HeapRegionSize                         = 1048576                                   {product} {ergonomic}
    uintx GCDrainStackTargetSize                   = 64                                        {product} {ergonomic}
   size_t InitialHeapSize                          = 67108864                                  {product} {ergonomic}
   size_t MarkStackSize                            = 4194304                                   {product} {ergonomic}
   size_t MaxHeapSize                              = 1052770304                                {product} {ergonomic}
   size_t MaxNewSize                               = 631242752                                 {product} {ergonomic}
   size_t MinHeapDeltaBytes                        = 1048576                                   {product} {ergonomic}
   size_t MinHeapSize                              = 8388608                                   {product} {ergonomic}
    uintx NonNMethodCodeHeapSize                   = 5832780                                {pd product} {ergonomic}
    uintx NonProfiledCodeHeapSize                  = 122912730                              {pd product} {ergonomic}
    uintx ProfiledCodeHeapSize                     = 122912730                              {pd product} {ergonomic}
    uintx ReservedCodeCacheSize                    = 251658240                              {pd product} {ergonomic}
     bool SegmentedCodeCache                       = true                                      {product} {ergonomic}
   size_t SoftMaxHeapSize                          = 1052770304                             {manageable} {ergonomic}
     bool UseCompressedClassPointers               = true                           {product lp64_product} {ergonomic}
     bool UseCompressedOops                        = true                           {product lp64_product} {ergonomic}
     bool UseG1GC                                  = true                                      {product} {ergonomic}
     bool UseLargePagesIndividualAllocation        = false                                  {pd product} {ergonomic}

Logging:
Log output configuration:
 #0: stdout all=warning uptime,level,tags foldmultilines=false
 #1: stderr all=off uptime,level,tags foldmultilines=false

Environment Variables:
JAVA_HOME=C:\Program Files\Java\jdk-17
PATH=C:\Program Files (x86)\Common Files\Oracle\Java\javapath;C:\WINDOWS\system32;C:\WINDOWS;C:\WINDOWS\System32\Wbem;C:\WINDOWS\System32\WindowsPowerShell\v1.0\;C:\WINDOWS\System32\OpenSSH\;C:\Program Files (x86)\nodejs\;C:\Program Files (x86)\nodejs\npm;C:\Users\ERIN_JAVALead\AppData\Roaming\npm;C:\Program Files\Git\cmd;C:\Program Files (x86)\dotnet\;C:\Program Files (x86)\Microsoft SQL Server\160\DTS\Binn\;C:\Program Files (x86)\Microsoft SQL Server\160\Tools\Binn\;C:\Program Files\Microsoft SQL Server\160\Tools\Binn\;C:\Program Files\Microsoft SQL Server\Client SDK\ODBC\170\Tools\Binn\;C:\Program Files\Microsoft SQL Server\160\DTS\Binn\;C:\Program Files\Java\jdk1.8.0_202\bin;C:\Program Files\Java\jdk1.8.0_202\jre\bin;C:\kafkasrc\bin\windows;C:\Program Files\Docker\Docker;C:\Program Files\Docker\Docker\resources\bin;C:\Users\ERIN_JAVALead\AppData\Local\Microsoft\WindowsApps;C:\Users\ERIN_JAVALead\AppData\Local\Programs\Microsoft VS Code\bin;C:\Users\ERIN_JAVALead\AppData\Roaming\npm;C:\Program Files\Azure Data Studio\bin;C:\URLValidationFormat\validationformat\flutter\bin;C:\Users\ERIN_JAVALead\diet-vision-flutter\lib\flutter\bin
USERNAME=ERIN_JAVALead
OS=Windows_NT
PROCESSOR_IDENTIFIER=Intel64 Family 6 Model 78 Stepping 3, GenuineIntel



---------------  S Y S T E M  ---------------

OS:
 Windows 10 , 64 bit Build 19041 (10.0.19041.5794)
OS uptime: 0 days 15:04 hours
Hyper-V role detected

CPU: total 4 (initial active 4) (2 cores per cpu, 2 threads per core) family 6 model 78 stepping 3 microcode 0xcc, cx8, cmov, fxsr, ht, mmx, 3dnowpref, sse, sse2, sse3, ssse3, sse4.1, sse4.2, popcnt, lzcnt, tsc, tscinvbit, avx, avx2, aes, erms, clmul, bmi1, bmi2, adx, fma, vzeroupper, clflush, clflushopt, hv

Memory: 4k page, system-wide physical 4012M (460M free)
TotalPageFile size 6060M (AvailPageFile size 10M)
current process WorkingSet (physical memory assigned to process): 103M, peak: 103M
current process commit charge ("private bytes"): 171M, peak: 171M

vm_info: OpenJDK 64-Bit Server VM (18.0.2+9-FR) for windows-amd64 JRE (18.0.2+9-FR), built on Jul 15 2022 20:03:03 by "Administrator" with MS VC++ 15.9 (VS2017)

END.
